<?xml version="1.0" encoding="UTF-8"?>
<!-- Generated by org.testng.reporters.JUnitXMLReporter -->
<testsuite ignored="10" hostname="LAPTOP-E2KT3BQR" failures="0" tests="1" name="Test" time="10.816" errors="0" timestamp="2024-02-12T08:02:59 IST">
  <testcase classname="TestCases.QALegendTestCases" name="loginCRM" time="1.171"/>
  <testcase classname="TestCases.QALegendTestCases" name="addEvent" time="0.0">
    <ignored/>
  </testcase> <!-- addEvent -->
  <testcase classname="TestCases.QALegendTestCases" name="addNotes" time="0.0">
    <ignored/>
  </testcase> <!-- addNotes -->
  <testcase classname="TestCases.QALegendTestCases" name="statusOfProjects" time="0.0">
    <ignored/>
  </testcase> <!-- statusOfProjects -->
  <testcase classname="TestCases.QALegendTestCases" name="verifyNumberOfTickets" time="0.0">
    <ignored/>
  </testcase> <!-- verifyNumberOfTickets -->
  <testcase classname="TestCases.QALegendTestCases" name="loginCRMDataProvider" time="0.0">
    <ignored/>
  </testcase> <!-- loginCRMDataProvider -->
  <testcase classname="TestCases.QALegendTestCases" name="sendEMail" time="0.0">
    <ignored/>
  </testcase> <!-- sendEMail -->
  <testcase classname="TestCases.QALegendTestCases" name="addClient" time="0.0">
    <ignored/>
  </testcase> <!-- addClient -->
  <testcase classname="TestCases.QALegendTestCases" name="leaveApplications" time="0.0">
    <ignored/>
  </testcase> <!-- leaveApplications -->
  <testcase classname="TestCases.QALegendTestCases" name="addTickets" time="0.0">
    <ignored/>
  </testcase> <!-- addTickets -->
  <testcase classname="TestCases.QALegendTestCases" name="downloadClientReport" time="0.0">
    <ignored/>
  </testcase> <!-- downloadClientReport -->
</testsuite> <!-- Test -->
