<?xml version="1.0" encoding="UTF-8"?>
<!-- Generated by org.testng.reporters.JUnitXMLReporter -->
<testsuite ignored="8" hostname="LAPTOP-E2KT3BQR" failures="1" tests="1" name="Test" time="8.531" errors="0" timestamp="2024-02-06T07:57:24 IST">
  <testcase classname="TestCases.QALegendTestCases" name="statusOfProjects" time="4.721">
    <failure type="org.openqa.selenium.ElementClickInterceptedException" message="element click intercepted: Element &amp;lt;button class=&amp;quot;btn btn-default dropdown-toggle &amp;quot; type=&amp;quot;button&amp;quot; data-toggle=&amp;quot;dropdown&amp;quot; aria-expanded=&amp;quot;true&amp;quot;&amp;gt;...&amp;lt;/button&amp;gt; is not clickable at point (1127, 156). Other element would receive the click: &amp;lt;div class=&amp;quot;modal in&amp;quot; id=&amp;quot;ajaxModal&amp;quot; tabindex=&amp;quot;-1&amp;quot; role=&amp;quot;dialog&amp;quot; aria-labelledby=&amp;quot;ajaxModal&amp;quot; aria-hidden=&amp;quot;true&amp;quot; style=&amp;quot;display: block;&amp;quot;&amp;gt;...&amp;lt;/div&amp;gt;
  (Session info: chrome=121.0.6167.140)
Build info: version: &amp;apos;4.16.0&amp;apos;, revision: &amp;apos;15400459dd*&amp;apos;
System info: os.name: &amp;apos;Windows 11&amp;apos;, os.arch: &amp;apos;amd64&amp;apos;, os.version: &amp;apos;10.0&amp;apos;, java.version: &amp;apos;20.0.1&amp;apos;
Driver info: org.openqa.selenium.chrome.ChromeDriver
Command: [58c43bfac2eb7a351ed7f88ad7402382, clickElement {id=77127AF3D0B783C1D6AB1CD7343257F0_element_193}]
Capabilities {acceptInsecureCerts: false, browserName: chrome, browserVersion: 121.0.6167.140, chrome: {chromedriverVersion: 121.0.6167.85 (3f98d690ad7e..., userDataDir: C:\Users\anagh\AppData\Loca...}, fedcm:accounts: true, goog:chromeOptions: {debuggerAddress: localhost:50530}, networkConnectionEnabled: false, pageLoadStrategy: normal, platformName: windows, proxy: Proxy(), se:cdp: ws://localhost:50530/devtoo..., se:cdpVersion: 121.0.6167.140, setWindowRect: true, strictFileInteractability: false, timeouts: {implicit: 0, pageLoad: 300000, script: 30000}, unhandledPromptBehavior: dismiss and notify, webauthn:extension:credBlob: true, webauthn:extension:largeBlob: true, webauthn:extension:minPinLength: true, webauthn:extension:prf: true, webauthn:virtualAuthenticators: true}
Element: [[ChromeDriver: chrome on windows (58c43bfac2eb7a351ed7f88ad7402382)] -&amp;gt; xpath: //button[text()=&amp;apos;Status &amp;apos;]]
Session ID: 58c43bfac2eb7a351ed7f88ad7402382">
      <![CDATA[org.openqa.selenium.ElementClickInterceptedException: element click intercepted: Element <button class="btn btn-default dropdown-toggle " type="button" data-toggle="dropdown" aria-expanded="true">...</button> is not clickable at point (1127, 156). Other element would receive the click: <div class="modal in" id="ajaxModal" tabindex="-1" role="dialog" aria-labelledby="ajaxModal" aria-hidden="true" style="display: block;">...</div>
  (Session info: chrome=121.0.6167.140)
Build info: version: '4.16.0', revision: '15400459dd*'
System info: os.name: 'Windows 11', os.arch: 'amd64', os.version: '10.0', java.version: '20.0.1'
Driver info: org.openqa.selenium.chrome.ChromeDriver
Command: [58c43bfac2eb7a351ed7f88ad7402382, clickElement {id=77127AF3D0B783C1D6AB1CD7343257F0_element_193}]
Capabilities {acceptInsecureCerts: false, browserName: chrome, browserVersion: 121.0.6167.140, chrome: {chromedriverVersion: 121.0.6167.85 (3f98d690ad7e..., userDataDir: C:\Users\anagh\AppData\Loca...}, fedcm:accounts: true, goog:chromeOptions: {debuggerAddress: localhost:50530}, networkConnectionEnabled: false, pageLoadStrategy: normal, platformName: windows, proxy: Proxy(), se:cdp: ws://localhost:50530/devtoo..., se:cdpVersion: 121.0.6167.140, setWindowRect: true, strictFileInteractability: false, timeouts: {implicit: 0, pageLoad: 300000, script: 30000}, unhandledPromptBehavior: dismiss and notify, webauthn:extension:credBlob: true, webauthn:extension:largeBlob: true, webauthn:extension:minPinLength: true, webauthn:extension:prf: true, webauthn:virtualAuthenticators: true}
Element: [[ChromeDriver: chrome on windows (58c43bfac2eb7a351ed7f88ad7402382)] -> xpath: //button[text()='Status ']]
Session ID: 58c43bfac2eb7a351ed7f88ad7402382
at org.openqa.selenium.remote.codec.w3c.W3CHttpResponseCodec.createException(W3CHttpResponseCodec.java:200)
at org.openqa.selenium.remote.codec.w3c.W3CHttpResponseCodec.decode(W3CHttpResponseCodec.java:133)
at org.openqa.selenium.remote.codec.w3c.W3CHttpResponseCodec.decode(W3CHttpResponseCodec.java:52)
at org.openqa.selenium.remote.HttpCommandExecutor.execute(HttpCommandExecutor.java:191)
at org.openqa.selenium.remote.service.DriverCommandExecutor.invokeExecute(DriverCommandExecutor.java:200)
at org.openqa.selenium.remote.service.DriverCommandExecutor.execute(DriverCommandExecutor.java:175)
at org.openqa.selenium.remote.RemoteWebDriver.execute(RemoteWebDriver.java:523)
at org.openqa.selenium.remote.RemoteWebElement.execute(RemoteWebElement.java:224)
at org.openqa.selenium.remote.RemoteWebElement.click(RemoteWebElement.java:77)
at org.openqa.selenium.support.pagefactory.internal.LocatingElementHandler.invoke(LocatingElementHandler.java:51)
at jdk.proxy2/jdk.proxy2.$Proxy12.click(Unknown Source)
at Utilities.PageUtility.clickOnElement(PageUtility.java:78)
at PageClasses.QALegend_ProjectPage.filterByOpenStatus(QALegend_ProjectPage.java:119)
at TestCases.QALegendTestCases.statusOfProjects(QALegendTestCases.java:253)
at java.base/java.util.ArrayList.forEach(ArrayList.java:1511)
... Removed 30 stack frames]]>
    </failure>
  </testcase> <!-- statusOfProjects -->
  <testcase classname="TestCases.QALegendTestCases" name="addEvent" time="0.0">
    <ignored/>
  </testcase> <!-- addEvent -->
  <testcase classname="TestCases.QALegendTestCases" name="loginCRM" time="0.0">
    <ignored/>
  </testcase> <!-- loginCRM -->
  <testcase classname="TestCases.QALegendTestCases" name="verifyNumberOfTickets" time="0.0">
    <ignored/>
  </testcase> <!-- verifyNumberOfTickets -->
  <testcase classname="TestCases.QALegendTestCases" name="verifyDataInPieChart" time="0.0">
    <ignored/>
  </testcase> <!-- verifyDataInPieChart -->
  <testcase classname="TestCases.QALegendTestCases" name="sendEMail" time="0.0">
    <ignored/>
  </testcase> <!-- sendEMail -->
  <testcase classname="TestCases.QALegendTestCases" name="addClient" time="0.0">
    <ignored/>
  </testcase> <!-- addClient -->
  <testcase classname="TestCases.QALegendTestCases" name="leaveApplications" time="0.0">
    <ignored/>
  </testcase> <!-- leaveApplications -->
  <testcase classname="TestCases.QALegendTestCases" name="downloadClientReport" time="0.0">
    <ignored/>
  </testcase> <!-- downloadClientReport -->
</testsuite> <!-- Test -->
