<?xml version="1.0" encoding="UTF-8"?>
<!-- Generated by org.testng.reporters.JUnitXMLReporter -->
<testsuite ignored="0" hostname="LAPTOP-E2KT3BQR" failures="0" tests="12" name="Test" time="97.264" errors="0" timestamp="2024-02-13T18:51:25 IST">
  <testcase classname="TestCases.QALegendTestCases" name="loginCRMDataProvider" time="1.443"/>
  <testcase classname="TestCases.QALegendTestCases" name="loginCRMDataProvider" time="1.466"/>
  <testcase classname="TestCases.QALegendTestCases" name="loginCRMDataProvider" time="1.555"/>
  <testcase classname="TestCases.QALegendTestCases" name="addEvent" time="5.61"/>
  <testcase classname="TestCases.QALegendTestCases" name="addClient" time="4.009"/>
  <testcase classname="TestCases.QALegendTestCases" name="downloadClientReport" time="2.897"/>
  <testcase classname="TestCases.QALegendTestCases" name="sendEMail" time="7.238"/>
  <testcase classname="TestCases.QALegendTestCases" name="verifyNumberOfTickets" time="2.457"/>
  <testcase classname="TestCases.QALegendTestCases" name="addNotes" time="3.072"/>
  <testcase classname="TestCases.QALegendTestCases" name="leaveApplications" time="3.532"/>
  <testcase classname="TestCases.QALegendTestCases" name="statusOfProjects" time="3.304"/>
  <testcase classname="TestCases.QALegendTestCases" name="addTickets" time="4.42"/>
</testsuite> <!-- Test -->
