<?xml version="1.0" encoding="UTF-8"?>
<!-- Generated by org.testng.reporters.JUnitXMLReporter -->
<testsuite ignored="0" hostname="LAPTOP-E2KT3BQR" failures="0" tests="12" name="Test" time="74.074" errors="0" timestamp="2024-02-22T19:43:57 IST">
  <testcase classname="TestCases.QALegendTestCases" name="isEventAdded" time="5.357"/>
  <testcase classname="TestCases.QALegendTestCases" name="mandatoryFieldCheckClientCompany" time="4.467"/>
  <testcase classname="TestCases.QALegendTestCases" name="downloadClientReport" time="3.313"/>
  <testcase classname="TestCases.QALegendTestCases" name="sendEmail" time="6.67"/>
  <testcase classname="TestCases.QALegendTestCases" name="verifyNumberOfTickets" time="2.402"/>
  <testcase classname="TestCases.QALegendTestCases" name="isAddedNotesDisplayed" time="3.497"/>
  <testcase classname="TestCases.QALegendTestCases" name="userCanApplyForLeave" time="2.842"/>
  <testcase classname="TestCases.QALegendTestCases" name="isAddedProjectViewable" time="3.038"/>
  <testcase classname="TestCases.QALegendTestCases" name="canUseraddTickets" time="3.184"/>
  <testcase classname="TestCases.QALegendTestCases" name="loginCRMDataProvider" time="1.084"/>
  <testcase classname="TestCases.QALegendTestCases" name="loginCRMDataProvider" time="0.666"/>
  <testcase classname="TestCases.QALegendTestCases" name="loginCRMDataProvider" time="0.562"/>
</testsuite> <!-- Test -->
