<?xml version="1.0" encoding="UTF-8"?>
<!-- Generated by org.testng.reporters.JUnitXMLReporter -->
<testsuite ignored="5" hostname="LAPTOP-E2KT3BQR" failures="0" tests="5" name="Test_Chrome" time="40.869" errors="0" timestamp="2024-04-11T19:32:10 IST">
  <testcase classname="TestCases.QALegendTestCases" name="isEventAdded" time="5.63"/>
  <testcase classname="TestCases.QALegendTestCases" name="mandatoryFieldCheckClientCompany" time="3.625"/>
  <testcase classname="TestCases.QALegendTestCases" name="downloadClientReport" time="3.173"/>
  <testcase classname="TestCases.QALegendTestCases" name="sendEmail" time="6.386"/>
  <testcase classname="TestCases.QALegendTestCases" name="verifyNumberOfTickets" time="4.817"/>
  <testcase classname="TestCases.QALegendTestCases" name="canUseraddTickets" time="0.0">
    <ignored/>
  </testcase> <!-- canUseraddTickets -->
  <testcase classname="TestCases.QALegendTestCases" name="isAddedProjectViewable" time="0.0">
    <ignored/>
  </testcase> <!-- isAddedProjectViewable -->
  <testcase classname="TestCases.QALegendTestCases" name="isAddedNotesDisplayed" time="0.0">
    <ignored/>
  </testcase> <!-- isAddedNotesDisplayed -->
  <testcase classname="TestCases.QALegendTestCases" name="loginCRMDataProvider" time="0.0">
    <ignored/>
  </testcase> <!-- loginCRMDataProvider -->
  <testcase classname="TestCases.QALegendTestCases" name="userCanApplyForLeave" time="0.0">
    <ignored/>
  </testcase> <!-- userCanApplyForLeave -->
</testsuite> <!-- Test_Chrome -->
