<?xml version="1.0" encoding="UTF-8"?>
<!-- Generated by org.testng.reporters.JUnitXMLReporter -->
<testsuite ignored="0" hostname="LAPTOP-E2KT3BQR" failures="0" tests="12" name="Test" time="81.787" errors="0" timestamp="2024-02-22T12:55:59 IST">
  <testcase classname="TestCases.QALegendTestCases" name="canUseraddTickets" time="5.049"/>
  <testcase classname="TestCases.QALegendTestCases" name="downloadClientReport" time="2.93"/>
  <testcase classname="TestCases.QALegendTestCases" name="isAddedNotesDisplayed" time="3.369"/>
  <testcase classname="TestCases.QALegendTestCases" name="isAddedProjectViewable" time="4.213"/>
  <testcase classname="TestCases.QALegendTestCases" name="isEventAdded" time="3.981"/>
  <testcase classname="TestCases.QALegendTestCases" name="loginCRMDataProvider" time="1.295"/>
  <testcase classname="TestCases.QALegendTestCases" name="loginCRMDataProvider" time="0.662"/>
  <testcase classname="TestCases.QALegendTestCases" name="loginCRMDataProvider" time="0.661"/>
  <testcase classname="TestCases.QALegendTestCases" name="mandatoryFieldCheckClientCompany" time="3.303"/>
  <testcase classname="TestCases.QALegendTestCases" name="sendEmail" time="6.812"/>
  <testcase classname="TestCases.QALegendTestCases" name="userCanApplyForLeave" time="3.559"/>
  <testcase classname="TestCases.QALegendTestCases" name="verifyNumberOfTickets" time="2.389"/>
</testsuite> <!-- Test -->
