<?xml version="1.0" encoding="UTF-8"?>
<!-- Generated by org.testng.reporters.JUnitXMLReporter -->
<testsuite ignored="0" hostname="LAPTOP-E2KT3BQR" failures="0" tests="12" name="Test" time="90.649" errors="0" timestamp="2024-02-13T18:43:12 IST">
  <testcase classname="TestCases.QALegendTestCases" name="loginCRMDataProvider" time="1.289"/>
  <testcase classname="TestCases.QALegendTestCases" name="loginCRMDataProvider" time="1.035"/>
  <testcase classname="TestCases.QALegendTestCases" name="loginCRMDataProvider" time="0.971"/>
  <testcase classname="TestCases.QALegendTestCases" name="addEvent" time="5.143"/>
  <testcase classname="TestCases.QALegendTestCases" name="addClient" time="3.993"/>
  <testcase classname="TestCases.QALegendTestCases" name="downloadClientReport" time="2.862"/>
  <testcase classname="TestCases.QALegendTestCases" name="sendEMail" time="7.384"/>
  <testcase classname="TestCases.QALegendTestCases" name="verifyNumberOfTickets" time="2.643"/>
  <testcase classname="TestCases.QALegendTestCases" name="addNotes" time="3.176"/>
  <testcase classname="TestCases.QALegendTestCases" name="leaveApplications" time="3.418"/>
  <testcase classname="TestCases.QALegendTestCases" name="statusOfProjects" time="3.311"/>
  <testcase classname="TestCases.QALegendTestCases" name="addTickets" time="3.407"/>
</testsuite> <!-- Test -->
