<?xml version="1.0" encoding="UTF-8"?>
<!-- Generated by org.testng.reporters.JUnitXMLReporter -->
<testsuite ignored="0" hostname="LAPTOP-E2KT3BQR" failures="0" tests="13" name="Test" time="84.418" errors="0" timestamp="2024-02-12T18:27:19 IST">
  <testcase classname="TestCases.QALegendTestCases" name="loginCRM" time="1.255"/>
  <testcase classname="TestCases.QALegendTestCases" name="addEvent" time="5.296"/>
  <testcase classname="TestCases.QALegendTestCases" name="addClient" time="3.42"/>
  <testcase classname="TestCases.QALegendTestCases" name="downloadClientReport" time="2.788"/>
  <testcase classname="TestCases.QALegendTestCases" name="sendEMail" time="6.518"/>
  <testcase classname="TestCases.QALegendTestCases" name="verifyNumberOfTickets" time="2.271"/>
  <testcase classname="TestCases.QALegendTestCases" name="addNotes" time="2.846"/>
  <testcase classname="TestCases.QALegendTestCases" name="leaveApplications" time="2.713"/>
  <testcase classname="TestCases.QALegendTestCases" name="statusOfProjects" time="3.306"/>
  <testcase classname="TestCases.QALegendTestCases" name="addTickets" time="3.104"/>
  <testcase classname="TestCases.QALegendTestCases" name="loginCRMDataProvider" time="1.279"/>
  <testcase classname="TestCases.QALegendTestCases" name="loginCRMDataProvider" time="0.895"/>
  <testcase classname="TestCases.QALegendTestCases" name="loginCRMDataProvider" time="1.413"/>
</testsuite> <!-- Test -->
