<?xml version="1.0" encoding="UTF-8"?>
<!-- Generated by org.testng.reporters.JUnitXMLReporter -->
<testsuite ignored="0" hostname="LAPTOP-E2KT3BQR" failures="1" tests="13" name="Test" time="139.839" errors="0" timestamp="2024-02-12T19:05:28 IST">
  <testcase classname="TestCases.QALegendTestCases" name="loginCRM" time="2.096"/>
  <testcase classname="TestCases.QALegendTestCases" name="addEvent" time="6.321">
    <failure type="org.openqa.selenium.StaleElementReferenceException" message="stale element reference: stale element not found
  (Session info: chrome=121.0.6167.161)
For documentation on this error, please visit: https://www.selenium.dev/documentation/webdriver/troubleshooting/errors#stale-element-reference-exception
Build info: version: &amp;apos;4.16.0&amp;apos;, revision: &amp;apos;15400459dd*&amp;apos;
System info: os.name: &amp;apos;Windows 11&amp;apos;, os.arch: &amp;apos;amd64&amp;apos;, os.version: &amp;apos;10.0&amp;apos;, java.version: &amp;apos;20.0.1&amp;apos;
Driver info: org.openqa.selenium.chrome.ChromeDriver
Command: [7d4ea5a8d0871e62945ad5a80787e699, executeScript {script=arguments[0].click();, args=[{element-6066-11e4-a52e-4f735466cecf=A572659BF48A75FF61A0EEFCE318A905_element_194}]}]
Capabilities {acceptInsecureCerts: false, browserName: chrome, browserVersion: 121.0.6167.161, chrome: {chromedriverVersion: 121.0.6167.85 (3f98d690ad7e..., userDataDir: C:\Users\anagh\AppData\Loca...}, fedcm:accounts: true, goog:chromeOptions: {debuggerAddress: localhost:61942}, networkConnectionEnabled: false, pageLoadStrategy: normal, platformName: windows, proxy: Proxy(), se:cdp: ws://localhost:61942/devtoo..., se:cdpVersion: 121.0.6167.161, setWindowRect: true, strictFileInteractability: false, timeouts: {implicit: 0, pageLoad: 300000, script: 30000}, unhandledPromptBehavior: dismiss and notify, webauthn:extension:credBlob: true, webauthn:extension:largeBlob: true, webauthn:extension:minPinLength: true, webauthn:extension:prf: true, webauthn:virtualAuthenticators: true}
Session ID: 7d4ea5a8d0871e62945ad5a80787e699">
      <![CDATA[org.openqa.selenium.StaleElementReferenceException: stale element reference: stale element not found
  (Session info: chrome=121.0.6167.161)
For documentation on this error, please visit: https://www.selenium.dev/documentation/webdriver/troubleshooting/errors#stale-element-reference-exception
Build info: version: '4.16.0', revision: '15400459dd*'
System info: os.name: 'Windows 11', os.arch: 'amd64', os.version: '10.0', java.version: '20.0.1'
Driver info: org.openqa.selenium.chrome.ChromeDriver
Command: [7d4ea5a8d0871e62945ad5a80787e699, executeScript {script=arguments[0].click();, args=[{element-6066-11e4-a52e-4f735466cecf=A572659BF48A75FF61A0EEFCE318A905_element_194}]}]
Capabilities {acceptInsecureCerts: false, browserName: chrome, browserVersion: 121.0.6167.161, chrome: {chromedriverVersion: 121.0.6167.85 (3f98d690ad7e..., userDataDir: C:\Users\anagh\AppData\Loca...}, fedcm:accounts: true, goog:chromeOptions: {debuggerAddress: localhost:61942}, networkConnectionEnabled: false, pageLoadStrategy: normal, platformName: windows, proxy: Proxy(), se:cdp: ws://localhost:61942/devtoo..., se:cdpVersion: 121.0.6167.161, setWindowRect: true, strictFileInteractability: false, timeouts: {implicit: 0, pageLoad: 300000, script: 30000}, unhandledPromptBehavior: dismiss and notify, webauthn:extension:credBlob: true, webauthn:extension:largeBlob: true, webauthn:extension:minPinLength: true, webauthn:extension:prf: true, webauthn:virtualAuthenticators: true}
Session ID: 7d4ea5a8d0871e62945ad5a80787e699
at org.openqa.selenium.remote.codec.w3c.W3CHttpResponseCodec.createException(W3CHttpResponseCodec.java:200)
at org.openqa.selenium.remote.codec.w3c.W3CHttpResponseCodec.decode(W3CHttpResponseCodec.java:133)
at org.openqa.selenium.remote.codec.w3c.W3CHttpResponseCodec.decode(W3CHttpResponseCodec.java:52)
at org.openqa.selenium.remote.HttpCommandExecutor.execute(HttpCommandExecutor.java:191)
at org.openqa.selenium.remote.service.DriverCommandExecutor.invokeExecute(DriverCommandExecutor.java:200)
at org.openqa.selenium.remote.service.DriverCommandExecutor.execute(DriverCommandExecutor.java:175)
at org.openqa.selenium.remote.RemoteWebDriver.execute(RemoteWebDriver.java:523)
at org.openqa.selenium.remote.RemoteWebDriver.executeScript(RemoteWebDriver.java:468)
at Utilities.PageUtility.clickByJavaScript(PageUtility.java:290)
at PageClasses.QALegend_EventPage.clickOnEventGrid(QALegend_EventPage.java:181)
at TestCases.QALegendTestCases.addEvent(QALegendTestCases.java:113)
at java.base/java.util.ArrayList.forEach(ArrayList.java:1511)
... Removed 28 stack frames]]>
    </failure>
  </testcase> <!-- addEvent -->
  <testcase classname="TestCases.QALegendTestCases" name="addClient" time="4.413"/>
  <testcase classname="TestCases.QALegendTestCases" name="downloadClientReport" time="3.507"/>
  <testcase classname="TestCases.QALegendTestCases" name="sendEMail" time="6.841"/>
  <testcase classname="TestCases.QALegendTestCases" name="verifyNumberOfTickets" time="2.322"/>
  <testcase classname="TestCases.QALegendTestCases" name="addNotes" time="5.262"/>
  <testcase classname="TestCases.QALegendTestCases" name="leaveApplications" time="4.463"/>
  <testcase classname="TestCases.QALegendTestCases" name="statusOfProjects" time="4.299"/>
  <testcase classname="TestCases.QALegendTestCases" name="addTickets" time="4.948"/>
  <testcase classname="TestCases.QALegendTestCases" name="loginCRMDataProvider" time="1.897"/>
  <testcase classname="TestCases.QALegendTestCases" name="loginCRMDataProvider" time="2.816"/>
  <testcase classname="TestCases.QALegendTestCases" name="loginCRMDataProvider" time="1.235"/>
</testsuite> <!-- Test -->
