<?xml version="1.0" encoding="UTF-8"?>
<!-- Generated by org.testng.reporters.JUnitXMLReporter -->
<testsuite ignored="8" hostname="LAPTOP-E2KT3BQR" failures="2" tests="2" name="Test_Firefox" time="15.801" errors="0" timestamp="2024-02-22T20:29:13 IST">
  <testcase classname="TestCases.QALegendTestCases" name="isAddedNotesDisplayed" time="1.585">
    <failure type="org.openqa.selenium.ElementClickInterceptedException" message="Element &amp;lt;a class=&amp;quot;btn btn-default&amp;quot; href=&amp;quot;#&amp;quot;&amp;gt; is not clickable at point (1445,96) because another element &amp;lt;div id=&amp;quot;pre-loader&amp;quot;&amp;gt; obscures it
Build info: version: &amp;apos;4.16.0&amp;apos;, revision: &amp;apos;15400459dd*&amp;apos;
System info: os.name: &amp;apos;Windows 11&amp;apos;, os.arch: &amp;apos;amd64&amp;apos;, os.version: &amp;apos;10.0&amp;apos;, java.version: &amp;apos;20.0.1&amp;apos;
Driver info: org.openqa.selenium.firefox.FirefoxDriver
Command: [961b966d-a381-462c-a6e9-073f865d3063, clickElement {id=cd158af9-f470-4505-9cb3-adcd247db320}]
Capabilities {acceptInsecureCerts: true, browserName: firefox, browserVersion: 122.0.1, moz:accessibilityChecks: false, moz:buildID: 20240205133611, moz:debuggerAddress: 127.0.0.1:29500, moz:geckodriverVersion: 0.34.0, moz:headless: false, moz:platformVersion: 10.0, moz:processID: 28236, moz:profile: C:\Users\anagh\AppData\Loca..., moz:shutdownTimeout: 60000, moz:webdriverClick: true, moz:windowless: false, pageLoadStrategy: normal, platformName: windows, proxy: Proxy(), se:cdp: ws://127.0.0.1:29500/devtoo..., se:cdpVersion: 85.0, setWindowRect: true, strictFileInteractability: false, timeouts: {implicit: 0, pageLoad: 300000, script: 30000}, unhandledPromptBehavior: dismiss and notify}
Element: [[FirefoxDriver: firefox on windows (961b966d-a381-462c-a6e9-073f865d3063)] -&amp;gt; xpath: //a[@class=&amp;apos;btn btn-default&amp;apos;]]
Session ID: 961b966d-a381-462c-a6e9-073f865d3063">
      <![CDATA[org.openqa.selenium.ElementClickInterceptedException: Element <a class="btn btn-default" href="#"> is not clickable at point (1445,96) because another element <div id="pre-loader"> obscures it
Build info: version: '4.16.0', revision: '15400459dd*'
System info: os.name: 'Windows 11', os.arch: 'amd64', os.version: '10.0', java.version: '20.0.1'
Driver info: org.openqa.selenium.firefox.FirefoxDriver
Command: [961b966d-a381-462c-a6e9-073f865d3063, clickElement {id=cd158af9-f470-4505-9cb3-adcd247db320}]
Capabilities {acceptInsecureCerts: true, browserName: firefox, browserVersion: 122.0.1, moz:accessibilityChecks: false, moz:buildID: 20240205133611, moz:debuggerAddress: 127.0.0.1:29500, moz:geckodriverVersion: 0.34.0, moz:headless: false, moz:platformVersion: 10.0, moz:processID: 28236, moz:profile: C:\Users\anagh\AppData\Loca..., moz:shutdownTimeout: 60000, moz:webdriverClick: true, moz:windowless: false, pageLoadStrategy: normal, platformName: windows, proxy: Proxy(), se:cdp: ws://127.0.0.1:29500/devtoo..., se:cdpVersion: 85.0, setWindowRect: true, strictFileInteractability: false, timeouts: {implicit: 0, pageLoad: 300000, script: 30000}, unhandledPromptBehavior: dismiss and notify}
Element: [[FirefoxDriver: firefox on windows (961b966d-a381-462c-a6e9-073f865d3063)] -> xpath: //a[@class='btn btn-default']]
Session ID: 961b966d-a381-462c-a6e9-073f865d3063
at org.openqa.selenium.remote.codec.w3c.W3CHttpResponseCodec.createException(W3CHttpResponseCodec.java:200)
at org.openqa.selenium.remote.codec.w3c.W3CHttpResponseCodec.decode(W3CHttpResponseCodec.java:133)
at org.openqa.selenium.remote.codec.w3c.W3CHttpResponseCodec.decode(W3CHttpResponseCodec.java:52)
at org.openqa.selenium.remote.HttpCommandExecutor.execute(HttpCommandExecutor.java:191)
at org.openqa.selenium.remote.service.DriverCommandExecutor.invokeExecute(DriverCommandExecutor.java:200)
at org.openqa.selenium.remote.service.DriverCommandExecutor.execute(DriverCommandExecutor.java:175)
at org.openqa.selenium.remote.RemoteWebDriver.execute(RemoteWebDriver.java:523)
at org.openqa.selenium.remote.RemoteWebElement.execute(RemoteWebElement.java:224)
at org.openqa.selenium.remote.RemoteWebElement.click(RemoteWebElement.java:77)
at org.openqa.selenium.support.pagefactory.internal.LocatingElementHandler.invoke(LocatingElementHandler.java:51)
at jdk.proxy2/jdk.proxy2.$Proxy14.click(Unknown Source)
at PageClasses.QALegend_NotePage.clickOnAddNotesButton(QALegend_NotePage.java:52)
at TestCases.QALegendTestCases.isAddedNotesDisplayed(QALegendTestCases.java:178)
at java.base/java.util.ArrayList.forEach(ArrayList.java:1511)
... Removed 30 stack frames]]>
    </failure>
  </testcase> <!-- isAddedNotesDisplayed -->
  <testcase classname="TestCases.QALegendTestCases" name="userCanApplyForLeave" time="1.739">
    <failure type="org.openqa.selenium.ElementClickInterceptedException" message="Element &amp;lt;a class=&amp;quot;btn btn-default&amp;quot; href=&amp;quot;#&amp;quot;&amp;gt; is not clickable at point (1303,96) because another element &amp;lt;div id=&amp;quot;pre-loader&amp;quot;&amp;gt; obscures it
Build info: version: &amp;apos;4.16.0&amp;apos;, revision: &amp;apos;15400459dd*&amp;apos;
System info: os.name: &amp;apos;Windows 11&amp;apos;, os.arch: &amp;apos;amd64&amp;apos;, os.version: &amp;apos;10.0&amp;apos;, java.version: &amp;apos;20.0.1&amp;apos;
Driver info: org.openqa.selenium.firefox.FirefoxDriver
Command: [4992194c-5217-4001-a722-ff00601ce990, clickElement {id=6ff3533a-3b54-4dd7-b3a0-6369cd055e87}]
Capabilities {acceptInsecureCerts: true, browserName: firefox, browserVersion: 122.0.1, moz:accessibilityChecks: false, moz:buildID: 20240205133611, moz:debuggerAddress: 127.0.0.1:34302, moz:geckodriverVersion: 0.34.0, moz:headless: false, moz:platformVersion: 10.0, moz:processID: 25932, moz:profile: C:\Users\anagh\AppData\Loca..., moz:shutdownTimeout: 60000, moz:webdriverClick: true, moz:windowless: false, pageLoadStrategy: normal, platformName: windows, proxy: Proxy(), se:cdp: ws://127.0.0.1:34302/devtoo..., se:cdpVersion: 85.0, setWindowRect: true, strictFileInteractability: false, timeouts: {implicit: 0, pageLoad: 300000, script: 30000}, unhandledPromptBehavior: dismiss and notify}
Element: [[FirefoxDriver: firefox on windows (4992194c-5217-4001-a722-ff00601ce990)] -&amp;gt; xpath: //a[@title=&amp;apos;Apply leave&amp;apos;]]
Session ID: 4992194c-5217-4001-a722-ff00601ce990">
      <![CDATA[org.openqa.selenium.ElementClickInterceptedException: Element <a class="btn btn-default" href="#"> is not clickable at point (1303,96) because another element <div id="pre-loader"> obscures it
Build info: version: '4.16.0', revision: '15400459dd*'
System info: os.name: 'Windows 11', os.arch: 'amd64', os.version: '10.0', java.version: '20.0.1'
Driver info: org.openqa.selenium.firefox.FirefoxDriver
Command: [4992194c-5217-4001-a722-ff00601ce990, clickElement {id=6ff3533a-3b54-4dd7-b3a0-6369cd055e87}]
Capabilities {acceptInsecureCerts: true, browserName: firefox, browserVersion: 122.0.1, moz:accessibilityChecks: false, moz:buildID: 20240205133611, moz:debuggerAddress: 127.0.0.1:34302, moz:geckodriverVersion: 0.34.0, moz:headless: false, moz:platformVersion: 10.0, moz:processID: 25932, moz:profile: C:\Users\anagh\AppData\Loca..., moz:shutdownTimeout: 60000, moz:webdriverClick: true, moz:windowless: false, pageLoadStrategy: normal, platformName: windows, proxy: Proxy(), se:cdp: ws://127.0.0.1:34302/devtoo..., se:cdpVersion: 85.0, setWindowRect: true, strictFileInteractability: false, timeouts: {implicit: 0, pageLoad: 300000, script: 30000}, unhandledPromptBehavior: dismiss and notify}
Element: [[FirefoxDriver: firefox on windows (4992194c-5217-4001-a722-ff00601ce990)] -> xpath: //a[@title='Apply leave']]
Session ID: 4992194c-5217-4001-a722-ff00601ce990
at org.openqa.selenium.remote.codec.w3c.W3CHttpResponseCodec.createException(W3CHttpResponseCodec.java:200)
at org.openqa.selenium.remote.codec.w3c.W3CHttpResponseCodec.decode(W3CHttpResponseCodec.java:133)
at org.openqa.selenium.remote.codec.w3c.W3CHttpResponseCodec.decode(W3CHttpResponseCodec.java:52)
at org.openqa.selenium.remote.HttpCommandExecutor.execute(HttpCommandExecutor.java:191)
at org.openqa.selenium.remote.service.DriverCommandExecutor.invokeExecute(DriverCommandExecutor.java:200)
at org.openqa.selenium.remote.service.DriverCommandExecutor.execute(DriverCommandExecutor.java:175)
at org.openqa.selenium.remote.RemoteWebDriver.execute(RemoteWebDriver.java:523)
at org.openqa.selenium.remote.RemoteWebElement.execute(RemoteWebElement.java:224)
at org.openqa.selenium.remote.RemoteWebElement.click(RemoteWebElement.java:77)
at org.openqa.selenium.support.pagefactory.internal.LocatingElementHandler.invoke(LocatingElementHandler.java:51)
at jdk.proxy2/jdk.proxy2.$Proxy14.click(Unknown Source)
at PageClasses.QALegend_LeavePage.clickOnButtonApplyLeave(QALegend_LeavePage.java:79)
at TestCases.QALegendTestCases.userCanApplyForLeave(QALegendTestCases.java:192)
at java.base/java.util.ArrayList.forEach(ArrayList.java:1511)
... Removed 30 stack frames]]>
    </failure>
  </testcase> <!-- userCanApplyForLeave -->
  <testcase classname="TestCases.QALegendTestCases" name="mandatoryFieldCheckClientCompany" time="0.0">
    <ignored/>
  </testcase> <!-- mandatoryFieldCheckClientCompany -->
  <testcase classname="TestCases.QALegendTestCases" name="isEventAdded" time="0.0">
    <ignored/>
  </testcase> <!-- isEventAdded -->
  <testcase classname="TestCases.QALegendTestCases" name="loginCRMDataProvider" time="0.0">
    <ignored/>
  </testcase> <!-- loginCRMDataProvider -->
  <testcase classname="TestCases.QALegendTestCases" name="canUseraddTickets" time="0.0">
    <ignored/>
  </testcase> <!-- canUseraddTickets -->
  <testcase classname="TestCases.QALegendTestCases" name="downloadClientReport" time="0.0">
    <ignored/>
  </testcase> <!-- downloadClientReport -->
  <testcase classname="TestCases.QALegendTestCases" name="verifyNumberOfTickets" time="0.0">
    <ignored/>
  </testcase> <!-- verifyNumberOfTickets -->
  <testcase classname="TestCases.QALegendTestCases" name="isAddedProjectViewable" time="0.0">
    <ignored/>
  </testcase> <!-- isAddedProjectViewable -->
  <testcase classname="TestCases.QALegendTestCases" name="sendEmail" time="0.0">
    <ignored/>
  </testcase> <!-- sendEmail -->
</testsuite> <!-- Test_Firefox -->
