<?xml version="1.0" encoding="UTF-8"?>
<!-- Generated by org.testng.reporters.JUnitXMLReporter -->
<testsuite ignored="5" hostname="LAPTOP-E2KT3BQR" failures="0" tests="5" name="Test1" time="40.383" errors="0" timestamp="2024-02-22T16:26:20 IST">
  <testcase classname="TestCases.QALegendTestCases" name="isEventAdded" time="5.769"/>
  <testcase classname="TestCases.QALegendTestCases" name="mandatoryFieldCheckClientCompany" time="3.812"/>
  <testcase classname="TestCases.QALegendTestCases" name="downloadClientReport" time="3.291"/>
  <testcase classname="TestCases.QALegendTestCases" name="sendEmail" time="6.931"/>
  <testcase classname="TestCases.QALegendTestCases" name="verifyNumberOfTickets" time="2.533"/>
  <testcase classname="TestCases.QALegendTestCases" name="canUseraddTickets" time="0.0">
    <ignored/>
  </testcase> <!-- canUseraddTickets -->
  <testcase classname="TestCases.QALegendTestCases" name="isAddedProjectViewable" time="0.0">
    <ignored/>
  </testcase> <!-- isAddedProjectViewable -->
  <testcase classname="TestCases.QALegendTestCases" name="isAddedNotesDisplayed" time="0.0">
    <ignored/>
  </testcase> <!-- isAddedNotesDisplayed -->
  <testcase classname="TestCases.QALegendTestCases" name="userCanApplyForLeave" time="0.0">
    <ignored/>
  </testcase> <!-- userCanApplyForLeave -->
  <testcase classname="TestCases.QALegendTestCases" name="loginCRMDataProvider" time="0.0">
    <ignored/>
  </testcase> <!-- loginCRMDataProvider -->
</testsuite> <!-- Test1 -->
