<?xml version="1.0" encoding="UTF-8"?>
<!-- Generated by org.testng.reporters.JUnitXMLReporter -->
<testsuite ignored="8" hostname="LAPTOP-E2KT3BQR" failures="2" tests="3" name="Test(failed)" time="29.764" errors="0" timestamp="2024-02-12T17:57:51 IST">
  <testcase classname="TestCases.QALegendTestCases" name="addEvent" time="5.742">
    <failure type="org.openqa.selenium.StaleElementReferenceException" message="stale element reference: stale element not found
  (Session info: chrome=121.0.6167.161)
For documentation on this error, please visit: https://www.selenium.dev/documentation/webdriver/troubleshooting/errors#stale-element-reference-exception
Build info: version: &amp;apos;4.16.0&amp;apos;, revision: &amp;apos;15400459dd*&amp;apos;
System info: os.name: &amp;apos;Windows 11&amp;apos;, os.arch: &amp;apos;amd64&amp;apos;, os.version: &amp;apos;10.0&amp;apos;, java.version: &amp;apos;20.0.1&amp;apos;
Driver info: org.openqa.selenium.chrome.ChromeDriver
Command: [864b37e58bcb5b91dab5bfcb7206d5cb, clickElement {id=32A022817C9B2573231C8E61E6D4C030_element_208}]
Capabilities {acceptInsecureCerts: false, browserName: chrome, browserVersion: 121.0.6167.161, chrome: {chromedriverVersion: 121.0.6167.85 (3f98d690ad7e..., userDataDir: C:\Users\anagh\AppData\Loca...}, fedcm:accounts: true, goog:chromeOptions: {debuggerAddress: localhost:58482}, networkConnectionEnabled: false, pageLoadStrategy: normal, platformName: windows, proxy: Proxy(), se:cdp: ws://localhost:58482/devtoo..., se:cdpVersion: 121.0.6167.161, setWindowRect: true, strictFileInteractability: false, timeouts: {implicit: 0, pageLoad: 300000, script: 30000}, unhandledPromptBehavior: dismiss and notify, webauthn:extension:credBlob: true, webauthn:extension:largeBlob: true, webauthn:extension:minPinLength: true, webauthn:extension:prf: true, webauthn:virtualAuthenticators: true}
Element: [[ChromeDriver: chrome on windows (864b37e58bcb5b91dab5bfcb7206d5cb)] -&amp;gt; xpath: //div[@class=&amp;apos;fc-event-container&amp;apos;]//a[last()]]
Session ID: 864b37e58bcb5b91dab5bfcb7206d5cb">
      <![CDATA[org.openqa.selenium.StaleElementReferenceException: stale element reference: stale element not found
  (Session info: chrome=121.0.6167.161)
For documentation on this error, please visit: https://www.selenium.dev/documentation/webdriver/troubleshooting/errors#stale-element-reference-exception
Build info: version: '4.16.0', revision: '15400459dd*'
System info: os.name: 'Windows 11', os.arch: 'amd64', os.version: '10.0', java.version: '20.0.1'
Driver info: org.openqa.selenium.chrome.ChromeDriver
Command: [864b37e58bcb5b91dab5bfcb7206d5cb, clickElement {id=32A022817C9B2573231C8E61E6D4C030_element_208}]
Capabilities {acceptInsecureCerts: false, browserName: chrome, browserVersion: 121.0.6167.161, chrome: {chromedriverVersion: 121.0.6167.85 (3f98d690ad7e..., userDataDir: C:\Users\anagh\AppData\Loca...}, fedcm:accounts: true, goog:chromeOptions: {debuggerAddress: localhost:58482}, networkConnectionEnabled: false, pageLoadStrategy: normal, platformName: windows, proxy: Proxy(), se:cdp: ws://localhost:58482/devtoo..., se:cdpVersion: 121.0.6167.161, setWindowRect: true, strictFileInteractability: false, timeouts: {implicit: 0, pageLoad: 300000, script: 30000}, unhandledPromptBehavior: dismiss and notify, webauthn:extension:credBlob: true, webauthn:extension:largeBlob: true, webauthn:extension:minPinLength: true, webauthn:extension:prf: true, webauthn:virtualAuthenticators: true}
Element: [[ChromeDriver: chrome on windows (864b37e58bcb5b91dab5bfcb7206d5cb)] -> xpath: //div[@class='fc-event-container']//a[last()]]
Session ID: 864b37e58bcb5b91dab5bfcb7206d5cb
at org.openqa.selenium.remote.codec.w3c.W3CHttpResponseCodec.createException(W3CHttpResponseCodec.java:200)
at org.openqa.selenium.remote.codec.w3c.W3CHttpResponseCodec.decode(W3CHttpResponseCodec.java:133)
at org.openqa.selenium.remote.codec.w3c.W3CHttpResponseCodec.decode(W3CHttpResponseCodec.java:52)
at org.openqa.selenium.remote.HttpCommandExecutor.execute(HttpCommandExecutor.java:191)
at org.openqa.selenium.remote.service.DriverCommandExecutor.invokeExecute(DriverCommandExecutor.java:200)
at org.openqa.selenium.remote.service.DriverCommandExecutor.execute(DriverCommandExecutor.java:175)
at org.openqa.selenium.remote.RemoteWebDriver.execute(RemoteWebDriver.java:523)
at org.openqa.selenium.remote.RemoteWebElement.execute(RemoteWebElement.java:224)
at org.openqa.selenium.remote.RemoteWebElement.click(RemoteWebElement.java:77)
at org.openqa.selenium.support.pagefactory.internal.LocatingElementHandler.invoke(LocatingElementHandler.java:51)
at jdk.proxy2/jdk.proxy2.$Proxy14.click(Unknown Source)
at Utilities.PageUtility.clickOnElement(PageUtility.java:74)
at PageClasses.QALegend_EventPage.clickOnEventGrid(QALegend_EventPage.java:181)
at TestCases.QALegendTestCases.addEvent(QALegendTestCases.java:113)
at java.base/java.util.ArrayList.forEach(ArrayList.java:1511)
... Removed 30 stack frames]]>
    </failure>
  </testcase> <!-- addEvent -->
  <testcase classname="TestCases.QALegendTestCases" name="sendEMail" time="7.201"/>
  <testcase classname="TestCases.QALegendTestCases" name="statusOfProjects" time="4.249">
    <failure type="org.openqa.selenium.ElementClickInterceptedException" message="element click intercepted: Element &amp;lt;b role=&amp;quot;presentation&amp;quot;&amp;gt;&amp;lt;/b&amp;gt; is not clickable at point (933, 168). Other element would receive the click: &amp;lt;span class=&amp;quot;select2-chosen&amp;quot; id=&amp;quot;select2-chosen-6&amp;quot;&amp;gt;...&amp;lt;/span&amp;gt;
  (Session info: chrome=121.0.6167.161)
Build info: version: &amp;apos;4.16.0&amp;apos;, revision: &amp;apos;15400459dd*&amp;apos;
System info: os.name: &amp;apos;Windows 11&amp;apos;, os.arch: &amp;apos;amd64&amp;apos;, os.version: &amp;apos;10.0&amp;apos;, java.version: &amp;apos;20.0.1&amp;apos;
Driver info: org.openqa.selenium.chrome.ChromeDriver
Command: [8eb9e848b06000277e924d9301caf387, clickElement {id=F9E5885017B541998FD924B47B1DEB8C_element_148}]
Capabilities {acceptInsecureCerts: false, browserName: chrome, browserVersion: 121.0.6167.161, chrome: {chromedriverVersion: 121.0.6167.85 (3f98d690ad7e..., userDataDir: C:\Users\anagh\AppData\Loca...}, fedcm:accounts: true, goog:chromeOptions: {debuggerAddress: localhost:58530}, networkConnectionEnabled: false, pageLoadStrategy: normal, platformName: windows, proxy: Proxy(), se:cdp: ws://localhost:58530/devtoo..., se:cdpVersion: 121.0.6167.161, setWindowRect: true, strictFileInteractability: false, timeouts: {implicit: 0, pageLoad: 300000, script: 30000}, unhandledPromptBehavior: dismiss and notify, webauthn:extension:credBlob: true, webauthn:extension:largeBlob: true, webauthn:extension:minPinLength: true, webauthn:extension:prf: true, webauthn:virtualAuthenticators: true}
Element: [[ChromeDriver: chrome on windows (8eb9e848b06000277e924d9301caf387)] -&amp;gt; xpath: //label[@for=&amp;apos;client_id&amp;apos;]//following::b]
Session ID: 8eb9e848b06000277e924d9301caf387">
      <![CDATA[org.openqa.selenium.ElementClickInterceptedException: element click intercepted: Element <b role="presentation"></b> is not clickable at point (933, 168). Other element would receive the click: <span class="select2-chosen" id="select2-chosen-6">...</span>
  (Session info: chrome=121.0.6167.161)
Build info: version: '4.16.0', revision: '15400459dd*'
System info: os.name: 'Windows 11', os.arch: 'amd64', os.version: '10.0', java.version: '20.0.1'
Driver info: org.openqa.selenium.chrome.ChromeDriver
Command: [8eb9e848b06000277e924d9301caf387, clickElement {id=F9E5885017B541998FD924B47B1DEB8C_element_148}]
Capabilities {acceptInsecureCerts: false, browserName: chrome, browserVersion: 121.0.6167.161, chrome: {chromedriverVersion: 121.0.6167.85 (3f98d690ad7e..., userDataDir: C:\Users\anagh\AppData\Loca...}, fedcm:accounts: true, goog:chromeOptions: {debuggerAddress: localhost:58530}, networkConnectionEnabled: false, pageLoadStrategy: normal, platformName: windows, proxy: Proxy(), se:cdp: ws://localhost:58530/devtoo..., se:cdpVersion: 121.0.6167.161, setWindowRect: true, strictFileInteractability: false, timeouts: {implicit: 0, pageLoad: 300000, script: 30000}, unhandledPromptBehavior: dismiss and notify, webauthn:extension:credBlob: true, webauthn:extension:largeBlob: true, webauthn:extension:minPinLength: true, webauthn:extension:prf: true, webauthn:virtualAuthenticators: true}
Element: [[ChromeDriver: chrome on windows (8eb9e848b06000277e924d9301caf387)] -> xpath: //label[@for='client_id']//following::b]
Session ID: 8eb9e848b06000277e924d9301caf387
at org.openqa.selenium.remote.codec.w3c.W3CHttpResponseCodec.createException(W3CHttpResponseCodec.java:200)
at org.openqa.selenium.remote.codec.w3c.W3CHttpResponseCodec.decode(W3CHttpResponseCodec.java:133)
at org.openqa.selenium.remote.codec.w3c.W3CHttpResponseCodec.decode(W3CHttpResponseCodec.java:52)
at org.openqa.selenium.remote.HttpCommandExecutor.execute(HttpCommandExecutor.java:191)
at org.openqa.selenium.remote.service.DriverCommandExecutor.invokeExecute(DriverCommandExecutor.java:200)
at org.openqa.selenium.remote.service.DriverCommandExecutor.execute(DriverCommandExecutor.java:175)
at org.openqa.selenium.remote.RemoteWebDriver.execute(RemoteWebDriver.java:523)
at org.openqa.selenium.remote.RemoteWebElement.execute(RemoteWebElement.java:224)
at org.openqa.selenium.remote.RemoteWebElement.click(RemoteWebElement.java:77)
at org.openqa.selenium.support.pagefactory.internal.LocatingElementHandler.invoke(LocatingElementHandler.java:51)
at jdk.proxy2/jdk.proxy2.$Proxy14.click(Unknown Source)
at Utilities.PageUtility.clickOnElement(PageUtility.java:74)
at PageClasses.QALegend_ProjectPage.inputClient(QALegend_ProjectPage.java:110)
at TestCases.QALegendTestCases.statusOfProjects(QALegendTestCases.java:256)
at java.base/java.util.ArrayList.forEach(ArrayList.java:1511)
... Removed 30 stack frames]]>
    </failure>
  </testcase> <!-- statusOfProjects -->
  <testcase classname="TestCases.QALegendTestCases" name="addNotes" time="0.0">
    <ignored/>
  </testcase> <!-- addNotes -->
  <testcase classname="TestCases.QALegendTestCases" name="loginCRM" time="0.0">
    <ignored/>
  </testcase> <!-- loginCRM -->
  <testcase classname="TestCases.QALegendTestCases" name="verifyNumberOfTickets" time="0.0">
    <ignored/>
  </testcase> <!-- verifyNumberOfTickets -->
  <testcase classname="TestCases.QALegendTestCases" name="loginCRMDataProvider" time="0.0">
    <ignored/>
  </testcase> <!-- loginCRMDataProvider -->
  <testcase classname="TestCases.QALegendTestCases" name="addClient" time="0.0">
    <ignored/>
  </testcase> <!-- addClient -->
  <testcase classname="TestCases.QALegendTestCases" name="leaveApplications" time="0.0">
    <ignored/>
  </testcase> <!-- leaveApplications -->
  <testcase classname="TestCases.QALegendTestCases" name="addTickets" time="0.0">
    <ignored/>
  </testcase> <!-- addTickets -->
  <testcase classname="TestCases.QALegendTestCases" name="downloadClientReport" time="0.0">
    <ignored/>
  </testcase> <!-- downloadClientReport -->
</testsuite> <!-- Test(failed) -->
