<?xml version="1.0" encoding="UTF-8"?>
<testng-results ignored="0" total="1" passed="1" failed="0" skipped="0">
  <reporter-output>
  </reporter-output>
  <suite started-at="2024-02-12T08:02:47 IST" name="Suite" finished-at="2024-02-12T08:02:58 IST" duration-ms="10816">
    <groups>
    </groups>
    <test started-at="2024-02-12T08:02:47 IST" name="Test" finished-at="2024-02-12T08:02:58 IST" duration-ms="10816">
      <class name="TestCases.QALegendTestCases">
        <test-method is-config="true" signature="initialization(java.lang.String)[pri:0, instance:TestCases.QALegendTestCases@45099dd3]" started-at="2024-02-12T08:02:47 IST" name="initialization" finished-at="2024-02-12T08:02:57 IST" duration-ms="9411" status="PASS">
          <params>
            <param index="0">
              <value>
                <![CDATA[Chrome]]>
              </value>
            </param>
          </params>
          <reporter-output>
          </reporter-output>
        </test-method> <!-- initialization -->
        <test-method signature="loginCRM()[pri:1, instance:TestCases.QALegendTestCases@45099dd3]" started-at="2024-02-12T08:02:57 IST" name="loginCRM" finished-at="2024-02-12T08:02:58 IST" duration-ms="1171" status="PASS">
          <reporter-output>
          </reporter-output>
        </test-method> <!-- loginCRM -->
        <test-method is-config="true" signature="tearDown()[pri:0, instance:TestCases.QALegendTestCases@45099dd3]" started-at="2024-02-12T08:02:58 IST" name="tearDown" finished-at="2024-02-12T08:02:58 IST" duration-ms="171" status="PASS">
          <reporter-output>
          </reporter-output>
        </test-method> <!-- tearDown -->
      </class> <!-- TestCases.QALegendTestCases -->
    </test> <!-- Test -->
  </suite> <!-- Suite -->
</testng-results>
