<?xml version="1.0" encoding="UTF-8"?>
<testng-results ignored="0" total="12" passed="12" failed="0" skipped="0">
  <reporter-output>
  </reporter-output>
  <suite started-at="2024-02-13T18:41:41 IST" name="Suite" finished-at="2024-02-13T18:43:12 IST" duration-ms="90649">
    <groups>
      <group name="Regression Test">
        <method signature="QALegendTestCases.addClient()[pri:3, instance:TestCases.QALegendTestCases@6340e5f0]" name="addClient" class="TestCases.QALegendTestCases"/>
        <method signature="QALegendTestCases.verifyNumberOfTickets()[pri:6, instance:TestCases.QALegendTestCases@6340e5f0]" name="verifyNumberOfTickets" class="TestCases.QALegendTestCases"/>
        <method signature="QALegendTestCases.leaveApplications()[pri:8, instance:TestCases.QALegendTestCases@6340e5f0]" name="leaveApplications" class="TestCases.QALegendTestCases"/>
      </group> <!-- Regression Test -->
      <group name="Smoke Test">
        <method signature="QALegendTestCases.addEvent()[pri:2, instance:TestCases.QALegendTestCases@6340e5f0]" name="addEvent" class="TestCases.QALegendTestCases"/>
        <method signature="QALegendTestCases.downloadClientReport()[pri:4, instance:TestCases.QALegendTestCases@6340e5f0]" name="downloadClientReport" class="TestCases.QALegendTestCases"/>
        <method signature="QALegendTestCases.sendEMail()[pri:5, instance:TestCases.QALegendTestCases@6340e5f0]" name="sendEMail" class="TestCases.QALegendTestCases"/>
        <method signature="QALegendTestCases.addNotes()[pri:7, instance:TestCases.QALegendTestCases@6340e5f0]" name="addNotes" class="TestCases.QALegendTestCases"/>
        <method signature="QALegendTestCases.statusOfProjects()[pri:9, instance:TestCases.QALegendTestCases@6340e5f0]" name="statusOfProjects" class="TestCases.QALegendTestCases"/>
        <method signature="QALegendTestCases.addTickets()[pri:10, instance:TestCases.QALegendTestCases@6340e5f0]" name="addTickets" class="TestCases.QALegendTestCases"/>
      </group> <!-- Smoke Test -->
    </groups>
    <test started-at="2024-02-13T18:41:41 IST" name="Test" finished-at="2024-02-13T18:43:12 IST" duration-ms="90649">
      <class name="TestCases.QALegendTestCases">
        <test-method is-config="true" signature="initialization(java.lang.String)[pri:0, instance:TestCases.QALegendTestCases@6340e5f0]" started-at="2024-02-13T18:41:42 IST" name="initialization" finished-at="2024-02-13T18:41:47 IST" duration-ms="4662" status="PASS">
          <params>
            <param index="0">
              <value>
                <![CDATA[Chrome]]>
              </value>
            </param>
          </params>
          <reporter-output>
          </reporter-output>
        </test-method> <!-- initialization -->
        <test-method signature="loginCRMDataProvider(java.lang.String,java.lang.String)[pri:1, instance:TestCases.QALegendTestCases@6340e5f0]" started-at="2024-02-13T18:41:47 IST" name="loginCRMDataProvider" data-provider="login_Details" finished-at="2024-02-13T18:41:48 IST" duration-ms="1289" status="PASS">
          <params>
            <param index="0">
              <value>
                <![CDATA[admin@admin.Com]]>
              </value>
            </param>
            <param index="1">
              <value>
                <![CDATA[12345678]]>
              </value>
            </param>
          </params>
          <reporter-output>
          </reporter-output>
        </test-method> <!-- loginCRMDataProvider -->
        <test-method is-config="true" signature="tearDown()[pri:0, instance:TestCases.QALegendTestCases@6340e5f0]" started-at="2024-02-13T18:41:48 IST" name="tearDown" finished-at="2024-02-13T18:41:48 IST" duration-ms="154" status="PASS">
          <reporter-output>
          </reporter-output>
        </test-method> <!-- tearDown -->
        <test-method is-config="true" signature="initialization(java.lang.String)[pri:0, instance:TestCases.QALegendTestCases@6340e5f0]" started-at="2024-02-13T18:41:48 IST" name="initialization" finished-at="2024-02-13T18:41:52 IST" duration-ms="4176" status="PASS">
          <params>
            <param index="0">
              <value>
                <![CDATA[Chrome]]>
              </value>
            </param>
          </params>
          <reporter-output>
          </reporter-output>
        </test-method> <!-- initialization -->
        <test-method signature="loginCRMDataProvider(java.lang.String,java.lang.String)[pri:1, instance:TestCases.QALegendTestCases@6340e5f0]" started-at="2024-02-13T18:41:52 IST" name="loginCRMDataProvider" data-provider="login_Details" finished-at="2024-02-13T18:41:53 IST" duration-ms="1035" status="PASS">
          <params>
            <param index="0">
              <value>
                <![CDATA[admin@admin.Com]]>
              </value>
            </param>
            <param index="1">
              <value>
                <![CDATA[12345600]]>
              </value>
            </param>
          </params>
          <reporter-output>
          </reporter-output>
        </test-method> <!-- loginCRMDataProvider -->
        <test-method is-config="true" signature="tearDown()[pri:0, instance:TestCases.QALegendTestCases@6340e5f0]" started-at="2024-02-13T18:41:53 IST" name="tearDown" finished-at="2024-02-13T18:41:54 IST" duration-ms="146" status="PASS">
          <reporter-output>
          </reporter-output>
        </test-method> <!-- tearDown -->
        <test-method is-config="true" signature="initialization(java.lang.String)[pri:0, instance:TestCases.QALegendTestCases@6340e5f0]" started-at="2024-02-13T18:41:54 IST" name="initialization" finished-at="2024-02-13T18:41:57 IST" duration-ms="3715" status="PASS">
          <params>
            <param index="0">
              <value>
                <![CDATA[Chrome]]>
              </value>
            </param>
          </params>
          <reporter-output>
          </reporter-output>
        </test-method> <!-- initialization -->
        <test-method signature="loginCRMDataProvider(java.lang.String,java.lang.String)[pri:1, instance:TestCases.QALegendTestCases@6340e5f0]" started-at="2024-02-13T18:41:57 IST" name="loginCRMDataProvider" data-provider="login_Details" finished-at="2024-02-13T18:41:58 IST" duration-ms="971" status="PASS">
          <params>
            <param index="0">
              <value>
                <![CDATA[admin@adminInvalid.Com]]>
              </value>
            </param>
            <param index="1">
              <value>
                <![CDATA[12345678]]>
              </value>
            </param>
          </params>
          <reporter-output>
          </reporter-output>
        </test-method> <!-- loginCRMDataProvider -->
        <test-method is-config="true" signature="tearDown()[pri:0, instance:TestCases.QALegendTestCases@6340e5f0]" started-at="2024-02-13T18:41:58 IST" name="tearDown" finished-at="2024-02-13T18:41:58 IST" duration-ms="134" status="PASS">
          <reporter-output>
          </reporter-output>
        </test-method> <!-- tearDown -->
        <test-method is-config="true" signature="initialization(java.lang.String)[pri:0, instance:TestCases.QALegendTestCases@6340e5f0]" started-at="2024-02-13T18:41:58 IST" name="initialization" finished-at="2024-02-13T18:42:03 IST" duration-ms="4447" status="PASS">
          <params>
            <param index="0">
              <value>
                <![CDATA[Chrome]]>
              </value>
            </param>
          </params>
          <reporter-output>
          </reporter-output>
        </test-method> <!-- initialization -->
        <test-method signature="addEvent()[pri:2, instance:TestCases.QALegendTestCases@6340e5f0]" started-at="2024-02-13T18:42:03 IST" name="addEvent" finished-at="2024-02-13T18:42:08 IST" duration-ms="5143" status="PASS">
          <reporter-output>
          </reporter-output>
        </test-method> <!-- addEvent -->
        <test-method is-config="true" signature="tearDown()[pri:0, instance:TestCases.QALegendTestCases@6340e5f0]" started-at="2024-02-13T18:42:08 IST" name="tearDown" finished-at="2024-02-13T18:42:08 IST" duration-ms="139" status="PASS">
          <reporter-output>
          </reporter-output>
        </test-method> <!-- tearDown -->
        <test-method is-config="true" signature="initialization(java.lang.String)[pri:0, instance:TestCases.QALegendTestCases@6340e5f0]" started-at="2024-02-13T18:42:08 IST" name="initialization" finished-at="2024-02-13T18:42:12 IST" duration-ms="3839" status="PASS">
          <params>
            <param index="0">
              <value>
                <![CDATA[Chrome]]>
              </value>
            </param>
          </params>
          <reporter-output>
          </reporter-output>
        </test-method> <!-- initialization -->
        <test-method signature="addClient()[pri:3, instance:TestCases.QALegendTestCases@6340e5f0]" started-at="2024-02-13T18:42:12 IST" name="addClient" finished-at="2024-02-13T18:42:16 IST" duration-ms="3993" status="PASS">
          <reporter-output>
          </reporter-output>
        </test-method> <!-- addClient -->
        <test-method is-config="true" signature="tearDown()[pri:0, instance:TestCases.QALegendTestCases@6340e5f0]" started-at="2024-02-13T18:42:16 IST" name="tearDown" finished-at="2024-02-13T18:42:16 IST" duration-ms="145" status="PASS">
          <reporter-output>
          </reporter-output>
        </test-method> <!-- tearDown -->
        <test-method is-config="true" signature="initialization(java.lang.String)[pri:0, instance:TestCases.QALegendTestCases@6340e5f0]" started-at="2024-02-13T18:42:16 IST" name="initialization" finished-at="2024-02-13T18:42:20 IST" duration-ms="4116" status="PASS">
          <params>
            <param index="0">
              <value>
                <![CDATA[Chrome]]>
              </value>
            </param>
          </params>
          <reporter-output>
          </reporter-output>
        </test-method> <!-- initialization -->
        <test-method signature="downloadClientReport()[pri:4, instance:TestCases.QALegendTestCases@6340e5f0]" started-at="2024-02-13T18:42:20 IST" name="downloadClientReport" finished-at="2024-02-13T18:42:23 IST" duration-ms="2862" status="PASS">
          <reporter-output>
          </reporter-output>
        </test-method> <!-- downloadClientReport -->
        <test-method is-config="true" signature="tearDown()[pri:0, instance:TestCases.QALegendTestCases@6340e5f0]" started-at="2024-02-13T18:42:23 IST" name="tearDown" finished-at="2024-02-13T18:42:23 IST" duration-ms="113" status="PASS">
          <reporter-output>
          </reporter-output>
        </test-method> <!-- tearDown -->
        <test-method is-config="true" signature="initialization(java.lang.String)[pri:0, instance:TestCases.QALegendTestCases@6340e5f0]" started-at="2024-02-13T18:42:23 IST" name="initialization" finished-at="2024-02-13T18:42:27 IST" duration-ms="3256" status="PASS">
          <params>
            <param index="0">
              <value>
                <![CDATA[Chrome]]>
              </value>
            </param>
          </params>
          <reporter-output>
          </reporter-output>
        </test-method> <!-- initialization -->
        <test-method signature="sendEMail()[pri:5, instance:TestCases.QALegendTestCases@6340e5f0]" started-at="2024-02-13T18:42:27 IST" name="sendEMail" finished-at="2024-02-13T18:42:34 IST" duration-ms="7384" status="PASS">
          <reporter-output>
          </reporter-output>
        </test-method> <!-- sendEMail -->
        <test-method is-config="true" signature="tearDown()[pri:0, instance:TestCases.QALegendTestCases@6340e5f0]" started-at="2024-02-13T18:42:34 IST" name="tearDown" finished-at="2024-02-13T18:42:34 IST" duration-ms="156" status="PASS">
          <reporter-output>
          </reporter-output>
        </test-method> <!-- tearDown -->
        <test-method is-config="true" signature="initialization(java.lang.String)[pri:0, instance:TestCases.QALegendTestCases@6340e5f0]" started-at="2024-02-13T18:42:34 IST" name="initialization" finished-at="2024-02-13T18:42:38 IST" duration-ms="4016" status="PASS">
          <params>
            <param index="0">
              <value>
                <![CDATA[Chrome]]>
              </value>
            </param>
          </params>
          <reporter-output>
          </reporter-output>
        </test-method> <!-- initialization -->
        <test-method signature="verifyNumberOfTickets()[pri:6, instance:TestCases.QALegendTestCases@6340e5f0]" started-at="2024-02-13T18:42:38 IST" name="verifyNumberOfTickets" finished-at="2024-02-13T18:42:41 IST" duration-ms="2643" status="PASS">
          <reporter-output>
          </reporter-output>
        </test-method> <!-- verifyNumberOfTickets -->
        <test-method is-config="true" signature="tearDown()[pri:0, instance:TestCases.QALegendTestCases@6340e5f0]" started-at="2024-02-13T18:42:41 IST" name="tearDown" finished-at="2024-02-13T18:42:41 IST" duration-ms="132" status="PASS">
          <reporter-output>
          </reporter-output>
        </test-method> <!-- tearDown -->
        <test-method is-config="true" signature="initialization(java.lang.String)[pri:0, instance:TestCases.QALegendTestCases@6340e5f0]" started-at="2024-02-13T18:42:41 IST" name="initialization" finished-at="2024-02-13T18:42:45 IST" duration-ms="4000" status="PASS">
          <params>
            <param index="0">
              <value>
                <![CDATA[Chrome]]>
              </value>
            </param>
          </params>
          <reporter-output>
          </reporter-output>
        </test-method> <!-- initialization -->
        <test-method signature="addNotes()[pri:7, instance:TestCases.QALegendTestCases@6340e5f0]" started-at="2024-02-13T18:42:45 IST" name="addNotes" finished-at="2024-02-13T18:42:48 IST" duration-ms="3176" status="PASS">
          <reporter-output>
          </reporter-output>
        </test-method> <!-- addNotes -->
        <test-method is-config="true" signature="tearDown()[pri:0, instance:TestCases.QALegendTestCases@6340e5f0]" started-at="2024-02-13T18:42:48 IST" name="tearDown" finished-at="2024-02-13T18:42:48 IST" duration-ms="162" status="PASS">
          <reporter-output>
          </reporter-output>
        </test-method> <!-- tearDown -->
        <test-method is-config="true" signature="initialization(java.lang.String)[pri:0, instance:TestCases.QALegendTestCases@6340e5f0]" started-at="2024-02-13T18:42:48 IST" name="initialization" finished-at="2024-02-13T18:42:52 IST" duration-ms="4091" status="PASS">
          <params>
            <param index="0">
              <value>
                <![CDATA[Chrome]]>
              </value>
            </param>
          </params>
          <reporter-output>
          </reporter-output>
        </test-method> <!-- initialization -->
        <test-method signature="leaveApplications()[pri:8, instance:TestCases.QALegendTestCases@6340e5f0]" started-at="2024-02-13T18:42:52 IST" name="leaveApplications" finished-at="2024-02-13T18:42:56 IST" duration-ms="3418" status="PASS">
          <reporter-output>
          </reporter-output>
        </test-method> <!-- leaveApplications -->
        <test-method is-config="true" signature="tearDown()[pri:0, instance:TestCases.QALegendTestCases@6340e5f0]" started-at="2024-02-13T18:42:56 IST" name="tearDown" finished-at="2024-02-13T18:42:56 IST" duration-ms="144" status="PASS">
          <reporter-output>
          </reporter-output>
        </test-method> <!-- tearDown -->
        <test-method is-config="true" signature="initialization(java.lang.String)[pri:0, instance:TestCases.QALegendTestCases@6340e5f0]" started-at="2024-02-13T18:42:56 IST" name="initialization" finished-at="2024-02-13T18:43:01 IST" duration-ms="4860" status="PASS">
          <params>
            <param index="0">
              <value>
                <![CDATA[Chrome]]>
              </value>
            </param>
          </params>
          <reporter-output>
          </reporter-output>
        </test-method> <!-- initialization -->
        <test-method signature="statusOfProjects()[pri:9, instance:TestCases.QALegendTestCases@6340e5f0]" started-at="2024-02-13T18:43:01 IST" name="statusOfProjects" finished-at="2024-02-13T18:43:04 IST" duration-ms="3311" status="PASS">
          <reporter-output>
          </reporter-output>
        </test-method> <!-- statusOfProjects -->
        <test-method is-config="true" signature="tearDown()[pri:0, instance:TestCases.QALegendTestCases@6340e5f0]" started-at="2024-02-13T18:43:04 IST" name="tearDown" finished-at="2024-02-13T18:43:04 IST" duration-ms="146" status="PASS">
          <reporter-output>
          </reporter-output>
        </test-method> <!-- tearDown -->
        <test-method is-config="true" signature="initialization(java.lang.String)[pri:0, instance:TestCases.QALegendTestCases@6340e5f0]" started-at="2024-02-13T18:43:04 IST" name="initialization" finished-at="2024-02-13T18:43:08 IST" duration-ms="4345" status="PASS">
          <params>
            <param index="0">
              <value>
                <![CDATA[Chrome]]>
              </value>
            </param>
          </params>
          <reporter-output>
          </reporter-output>
        </test-method> <!-- initialization -->
        <test-method signature="addTickets()[pri:10, instance:TestCases.QALegendTestCases@6340e5f0]" started-at="2024-02-13T18:43:08 IST" name="addTickets" finished-at="2024-02-13T18:43:12 IST" duration-ms="3407" status="PASS">
          <reporter-output>
          </reporter-output>
        </test-method> <!-- addTickets -->
        <test-method is-config="true" signature="tearDown()[pri:0, instance:TestCases.QALegendTestCases@6340e5f0]" started-at="2024-02-13T18:43:12 IST" name="tearDown" finished-at="2024-02-13T18:43:12 IST" duration-ms="143" status="PASS">
          <reporter-output>
          </reporter-output>
        </test-method> <!-- tearDown -->
      </class> <!-- TestCases.QALegendTestCases -->
    </test> <!-- Test -->
  </suite> <!-- Suite -->
</testng-results>
