<?xml version="1.0" encoding="UTF-8"?>
<testng-results ignored="0" total="13" passed="13" failed="0" skipped="0">
  <reporter-output>
  </reporter-output>
  <suite started-at="2024-02-12T18:25:55 IST" name="Suite" finished-at="2024-02-12T18:27:19 IST" duration-ms="84418">
    <groups>
      <group name="Regression Test">
        <method signature="QALegendTestCases.addClient()[pri:3, instance:TestCases.QALegendTestCases@45099dd3]" name="addClient" class="TestCases.QALegendTestCases"/>
        <method signature="QALegendTestCases.verifyNumberOfTickets()[pri:6, instance:TestCases.QALegendTestCases@45099dd3]" name="verifyNumberOfTickets" class="TestCases.QALegendTestCases"/>
        <method signature="QALegendTestCases.leaveApplications()[pri:8, instance:TestCases.QALegendTestCases@45099dd3]" name="leaveApplications" class="TestCases.QALegendTestCases"/>
      </group> <!-- Regression Test -->
      <group name="Smoke Test">
        <method signature="QALegendTestCases.addEvent()[pri:2, instance:TestCases.QALegendTestCases@45099dd3]" name="addEvent" class="TestCases.QALegendTestCases"/>
        <method signature="QALegendTestCases.downloadClientReport()[pri:4, instance:TestCases.QALegendTestCases@45099dd3]" name="downloadClientReport" class="TestCases.QALegendTestCases"/>
        <method signature="QALegendTestCases.sendEMail()[pri:5, instance:TestCases.QALegendTestCases@45099dd3]" name="sendEMail" class="TestCases.QALegendTestCases"/>
        <method signature="QALegendTestCases.addNotes()[pri:7, instance:TestCases.QALegendTestCases@45099dd3]" name="addNotes" class="TestCases.QALegendTestCases"/>
        <method signature="QALegendTestCases.statusOfProjects()[pri:9, instance:TestCases.QALegendTestCases@45099dd3]" name="statusOfProjects" class="TestCases.QALegendTestCases"/>
        <method signature="QALegendTestCases.addTickets()[pri:10, instance:TestCases.QALegendTestCases@45099dd3]" name="addTickets" class="TestCases.QALegendTestCases"/>
      </group> <!-- Smoke Test -->
    </groups>
    <test started-at="2024-02-12T18:25:55 IST" name="Test" finished-at="2024-02-12T18:27:19 IST" duration-ms="84418">
      <class name="TestCases.QALegendTestCases">
        <test-method is-config="true" signature="initialization(java.lang.String)[pri:0, instance:TestCases.QALegendTestCases@45099dd3]" started-at="2024-02-12T18:25:55 IST" name="initialization" finished-at="2024-02-12T18:25:59 IST" duration-ms="4289" status="PASS">
          <params>
            <param index="0">
              <value>
                <![CDATA[Chrome]]>
              </value>
            </param>
          </params>
          <reporter-output>
          </reporter-output>
        </test-method> <!-- initialization -->
        <test-method signature="loginCRM()[pri:1, instance:TestCases.QALegendTestCases@45099dd3]" started-at="2024-02-12T18:25:59 IST" name="loginCRM" finished-at="2024-02-12T18:26:00 IST" duration-ms="1255" status="PASS">
          <reporter-output>
          </reporter-output>
        </test-method> <!-- loginCRM -->
        <test-method is-config="true" signature="tearDown()[pri:0, instance:TestCases.QALegendTestCases@45099dd3]" started-at="2024-02-12T18:26:00 IST" name="tearDown" finished-at="2024-02-12T18:26:00 IST" duration-ms="251" status="PASS">
          <reporter-output>
          </reporter-output>
        </test-method> <!-- tearDown -->
        <test-method is-config="true" signature="initialization(java.lang.String)[pri:0, instance:TestCases.QALegendTestCases@45099dd3]" started-at="2024-02-12T18:26:00 IST" name="initialization" finished-at="2024-02-12T18:26:04 IST" duration-ms="3765" status="PASS">
          <params>
            <param index="0">
              <value>
                <![CDATA[Chrome]]>
              </value>
            </param>
          </params>
          <reporter-output>
          </reporter-output>
        </test-method> <!-- initialization -->
        <test-method signature="addEvent()[pri:2, instance:TestCases.QALegendTestCases@45099dd3]" started-at="2024-02-12T18:26:04 IST" name="addEvent" finished-at="2024-02-12T18:26:10 IST" duration-ms="5296" status="PASS">
          <reporter-output>
          </reporter-output>
        </test-method> <!-- addEvent -->
        <test-method is-config="true" signature="tearDown()[pri:0, instance:TestCases.QALegendTestCases@45099dd3]" started-at="2024-02-12T18:26:10 IST" name="tearDown" finished-at="2024-02-12T18:26:10 IST" duration-ms="166" status="PASS">
          <reporter-output>
          </reporter-output>
        </test-method> <!-- tearDown -->
        <test-method is-config="true" signature="initialization(java.lang.String)[pri:0, instance:TestCases.QALegendTestCases@45099dd3]" started-at="2024-02-12T18:26:10 IST" name="initialization" finished-at="2024-02-12T18:26:14 IST" duration-ms="3913" status="PASS">
          <params>
            <param index="0">
              <value>
                <![CDATA[Chrome]]>
              </value>
            </param>
          </params>
          <reporter-output>
          </reporter-output>
        </test-method> <!-- initialization -->
        <test-method signature="addClient()[pri:3, instance:TestCases.QALegendTestCases@45099dd3]" started-at="2024-02-12T18:26:14 IST" name="addClient" finished-at="2024-02-12T18:26:17 IST" duration-ms="3420" status="PASS">
          <reporter-output>
          </reporter-output>
        </test-method> <!-- addClient -->
        <test-method is-config="true" signature="tearDown()[pri:0, instance:TestCases.QALegendTestCases@45099dd3]" started-at="2024-02-12T18:26:17 IST" name="tearDown" finished-at="2024-02-12T18:26:17 IST" duration-ms="145" status="PASS">
          <reporter-output>
          </reporter-output>
        </test-method> <!-- tearDown -->
        <test-method is-config="true" signature="initialization(java.lang.String)[pri:0, instance:TestCases.QALegendTestCases@45099dd3]" started-at="2024-02-12T18:26:17 IST" name="initialization" finished-at="2024-02-12T18:26:21 IST" duration-ms="3432" status="PASS">
          <params>
            <param index="0">
              <value>
                <![CDATA[Chrome]]>
              </value>
            </param>
          </params>
          <reporter-output>
          </reporter-output>
        </test-method> <!-- initialization -->
        <test-method signature="downloadClientReport()[pri:4, instance:TestCases.QALegendTestCases@45099dd3]" started-at="2024-02-12T18:26:21 IST" name="downloadClientReport" finished-at="2024-02-12T18:26:23 IST" duration-ms="2788" status="PASS">
          <reporter-output>
          </reporter-output>
        </test-method> <!-- downloadClientReport -->
        <test-method is-config="true" signature="tearDown()[pri:0, instance:TestCases.QALegendTestCases@45099dd3]" started-at="2024-02-12T18:26:23 IST" name="tearDown" finished-at="2024-02-12T18:26:24 IST" duration-ms="208" status="PASS">
          <reporter-output>
          </reporter-output>
        </test-method> <!-- tearDown -->
        <test-method is-config="true" signature="initialization(java.lang.String)[pri:0, instance:TestCases.QALegendTestCases@45099dd3]" started-at="2024-02-12T18:26:24 IST" name="initialization" finished-at="2024-02-12T18:26:27 IST" duration-ms="3260" status="PASS">
          <params>
            <param index="0">
              <value>
                <![CDATA[Chrome]]>
              </value>
            </param>
          </params>
          <reporter-output>
          </reporter-output>
        </test-method> <!-- initialization -->
        <test-method signature="sendEMail()[pri:5, instance:TestCases.QALegendTestCases@45099dd3]" started-at="2024-02-12T18:26:27 IST" name="sendEMail" finished-at="2024-02-12T18:26:33 IST" duration-ms="6518" status="PASS">
          <reporter-output>
          </reporter-output>
        </test-method> <!-- sendEMail -->
        <test-method is-config="true" signature="tearDown()[pri:0, instance:TestCases.QALegendTestCases@45099dd3]" started-at="2024-02-12T18:26:33 IST" name="tearDown" finished-at="2024-02-12T18:26:34 IST" duration-ms="197" status="PASS">
          <reporter-output>
          </reporter-output>
        </test-method> <!-- tearDown -->
        <test-method is-config="true" signature="initialization(java.lang.String)[pri:0, instance:TestCases.QALegendTestCases@45099dd3]" started-at="2024-02-12T18:26:34 IST" name="initialization" finished-at="2024-02-12T18:26:37 IST" duration-ms="3387" status="PASS">
          <params>
            <param index="0">
              <value>
                <![CDATA[Chrome]]>
              </value>
            </param>
          </params>
          <reporter-output>
          </reporter-output>
        </test-method> <!-- initialization -->
        <test-method signature="verifyNumberOfTickets()[pri:6, instance:TestCases.QALegendTestCases@45099dd3]" started-at="2024-02-12T18:26:37 IST" name="verifyNumberOfTickets" finished-at="2024-02-12T18:26:39 IST" duration-ms="2271" status="PASS">
          <reporter-output>
          </reporter-output>
        </test-method> <!-- verifyNumberOfTickets -->
        <test-method is-config="true" signature="tearDown()[pri:0, instance:TestCases.QALegendTestCases@45099dd3]" started-at="2024-02-12T18:26:39 IST" name="tearDown" finished-at="2024-02-12T18:26:39 IST" duration-ms="162" status="PASS">
          <reporter-output>
          </reporter-output>
        </test-method> <!-- tearDown -->
        <test-method is-config="true" signature="initialization(java.lang.String)[pri:0, instance:TestCases.QALegendTestCases@45099dd3]" started-at="2024-02-12T18:26:39 IST" name="initialization" finished-at="2024-02-12T18:26:43 IST" duration-ms="3351" status="PASS">
          <params>
            <param index="0">
              <value>
                <![CDATA[Chrome]]>
              </value>
            </param>
          </params>
          <reporter-output>
          </reporter-output>
        </test-method> <!-- initialization -->
        <test-method signature="addNotes()[pri:7, instance:TestCases.QALegendTestCases@45099dd3]" started-at="2024-02-12T18:26:43 IST" name="addNotes" finished-at="2024-02-12T18:26:46 IST" duration-ms="2846" status="PASS">
          <reporter-output>
          </reporter-output>
        </test-method> <!-- addNotes -->
        <test-method is-config="true" signature="tearDown()[pri:0, instance:TestCases.QALegendTestCases@45099dd3]" started-at="2024-02-12T18:26:46 IST" name="tearDown" finished-at="2024-02-12T18:26:46 IST" duration-ms="231" status="PASS">
          <reporter-output>
          </reporter-output>
        </test-method> <!-- tearDown -->
        <test-method is-config="true" signature="initialization(java.lang.String)[pri:0, instance:TestCases.QALegendTestCases@45099dd3]" started-at="2024-02-12T18:26:46 IST" name="initialization" finished-at="2024-02-12T18:26:49 IST" duration-ms="3056" status="PASS">
          <params>
            <param index="0">
              <value>
                <![CDATA[Chrome]]>
              </value>
            </param>
          </params>
          <reporter-output>
          </reporter-output>
        </test-method> <!-- initialization -->
        <test-method signature="leaveApplications()[pri:8, instance:TestCases.QALegendTestCases@45099dd3]" started-at="2024-02-12T18:26:49 IST" name="leaveApplications" finished-at="2024-02-12T18:26:52 IST" duration-ms="2713" status="PASS">
          <reporter-output>
          </reporter-output>
        </test-method> <!-- leaveApplications -->
        <test-method is-config="true" signature="tearDown()[pri:0, instance:TestCases.QALegendTestCases@45099dd3]" started-at="2024-02-12T18:26:52 IST" name="tearDown" finished-at="2024-02-12T18:26:52 IST" duration-ms="179" status="PASS">
          <reporter-output>
          </reporter-output>
        </test-method> <!-- tearDown -->
        <test-method is-config="true" signature="initialization(java.lang.String)[pri:0, instance:TestCases.QALegendTestCases@45099dd3]" started-at="2024-02-12T18:26:52 IST" name="initialization" finished-at="2024-02-12T18:26:55 IST" duration-ms="3626" status="PASS">
          <params>
            <param index="0">
              <value>
                <![CDATA[Chrome]]>
              </value>
            </param>
          </params>
          <reporter-output>
          </reporter-output>
        </test-method> <!-- initialization -->
        <test-method signature="statusOfProjects()[pri:9, instance:TestCases.QALegendTestCases@45099dd3]" started-at="2024-02-12T18:26:55 IST" name="statusOfProjects" finished-at="2024-02-12T18:26:59 IST" duration-ms="3306" status="PASS">
          <reporter-output>
          </reporter-output>
        </test-method> <!-- statusOfProjects -->
        <test-method is-config="true" signature="tearDown()[pri:0, instance:TestCases.QALegendTestCases@45099dd3]" started-at="2024-02-12T18:26:59 IST" name="tearDown" finished-at="2024-02-12T18:26:59 IST" duration-ms="180" status="PASS">
          <reporter-output>
          </reporter-output>
        </test-method> <!-- tearDown -->
        <test-method is-config="true" signature="initialization(java.lang.String)[pri:0, instance:TestCases.QALegendTestCases@45099dd3]" started-at="2024-02-12T18:26:59 IST" name="initialization" finished-at="2024-02-12T18:27:02 IST" duration-ms="3168" status="PASS">
          <params>
            <param index="0">
              <value>
                <![CDATA[Chrome]]>
              </value>
            </param>
          </params>
          <reporter-output>
          </reporter-output>
        </test-method> <!-- initialization -->
        <test-method signature="addTickets()[pri:10, instance:TestCases.QALegendTestCases@45099dd3]" started-at="2024-02-12T18:27:02 IST" name="addTickets" finished-at="2024-02-12T18:27:05 IST" duration-ms="3104" status="PASS">
          <reporter-output>
          </reporter-output>
        </test-method> <!-- addTickets -->
        <test-method is-config="true" signature="tearDown()[pri:0, instance:TestCases.QALegendTestCases@45099dd3]" started-at="2024-02-12T18:27:05 IST" name="tearDown" finished-at="2024-02-12T18:27:05 IST" duration-ms="195" status="PASS">
          <reporter-output>
          </reporter-output>
        </test-method> <!-- tearDown -->
        <test-method is-config="true" signature="initialization(java.lang.String)[pri:0, instance:TestCases.QALegendTestCases@45099dd3]" started-at="2024-02-12T18:27:05 IST" name="initialization" finished-at="2024-02-12T18:27:09 IST" duration-ms="3229" status="PASS">
          <params>
            <param index="0">
              <value>
                <![CDATA[Chrome]]>
              </value>
            </param>
          </params>
          <reporter-output>
          </reporter-output>
        </test-method> <!-- initialization -->
        <test-method signature="loginCRMDataProvider(java.lang.String,java.lang.String)[pri:11, instance:TestCases.QALegendTestCases@45099dd3]" started-at="2024-02-12T18:27:09 IST" name="loginCRMDataProvider" data-provider="login_Details" finished-at="2024-02-12T18:27:10 IST" duration-ms="1279" status="PASS">
          <params>
            <param index="0">
              <value>
                <![CDATA[admin@admin.Com]]>
              </value>
            </param>
            <param index="1">
              <value>
                <![CDATA[12345678]]>
              </value>
            </param>
          </params>
          <reporter-output>
          </reporter-output>
        </test-method> <!-- loginCRMDataProvider -->
        <test-method is-config="true" signature="tearDown()[pri:0, instance:TestCases.QALegendTestCases@45099dd3]" started-at="2024-02-12T18:27:10 IST" name="tearDown" finished-at="2024-02-12T18:27:10 IST" duration-ms="173" status="PASS">
          <reporter-output>
          </reporter-output>
        </test-method> <!-- tearDown -->
        <test-method is-config="true" signature="initialization(java.lang.String)[pri:0, instance:TestCases.QALegendTestCases@45099dd3]" started-at="2024-02-12T18:27:10 IST" name="initialization" finished-at="2024-02-12T18:27:13 IST" duration-ms="3041" status="PASS">
          <params>
            <param index="0">
              <value>
                <![CDATA[Chrome]]>
              </value>
            </param>
          </params>
          <reporter-output>
          </reporter-output>
        </test-method> <!-- initialization -->
        <test-method signature="loginCRMDataProvider(java.lang.String,java.lang.String)[pri:11, instance:TestCases.QALegendTestCases@45099dd3]" started-at="2024-02-12T18:27:13 IST" name="loginCRMDataProvider" data-provider="login_Details" finished-at="2024-02-12T18:27:14 IST" duration-ms="895" status="PASS">
          <params>
            <param index="0">
              <value>
                <![CDATA[admin@admin.Com]]>
              </value>
            </param>
            <param index="1">
              <value>
                <![CDATA[12345600]]>
              </value>
            </param>
          </params>
          <reporter-output>
          </reporter-output>
        </test-method> <!-- loginCRMDataProvider -->
        <test-method is-config="true" signature="tearDown()[pri:0, instance:TestCases.QALegendTestCases@45099dd3]" started-at="2024-02-12T18:27:14 IST" name="tearDown" finished-at="2024-02-12T18:27:14 IST" duration-ms="167" status="PASS">
          <reporter-output>
          </reporter-output>
        </test-method> <!-- tearDown -->
        <test-method is-config="true" signature="initialization(java.lang.String)[pri:0, instance:TestCases.QALegendTestCases@45099dd3]" started-at="2024-02-12T18:27:14 IST" name="initialization" finished-at="2024-02-12T18:27:17 IST" duration-ms="3134" status="PASS">
          <params>
            <param index="0">
              <value>
                <![CDATA[Chrome]]>
              </value>
            </param>
          </params>
          <reporter-output>
          </reporter-output>
        </test-method> <!-- initialization -->
        <test-method signature="loginCRMDataProvider(java.lang.String,java.lang.String)[pri:11, instance:TestCases.QALegendTestCases@45099dd3]" started-at="2024-02-12T18:27:17 IST" name="loginCRMDataProvider" data-provider="login_Details" finished-at="2024-02-12T18:27:19 IST" duration-ms="1413" status="PASS">
          <params>
            <param index="0">
              <value>
                <![CDATA[admin@adminInvalid.Com]]>
              </value>
            </param>
            <param index="1">
              <value>
                <![CDATA[12345678]]>
              </value>
            </param>
          </params>
          <reporter-output>
          </reporter-output>
        </test-method> <!-- loginCRMDataProvider -->
        <test-method is-config="true" signature="tearDown()[pri:0, instance:TestCases.QALegendTestCases@45099dd3]" started-at="2024-02-12T18:27:19 IST" name="tearDown" finished-at="2024-02-12T18:27:19 IST" duration-ms="191" status="PASS">
          <reporter-output>
          </reporter-output>
        </test-method> <!-- tearDown -->
      </class> <!-- TestCases.QALegendTestCases -->
    </test> <!-- Test -->
  </suite> <!-- Suite -->
</testng-results>
