<?xml version="1.0" encoding="UTF-8"?>
<testng-results ignored="0" total="12" passed="12" failed="0" skipped="0">
  <reporter-output>
  </reporter-output>
  <suite started-at="2024-02-22T19:42:42 IST" name="Suite" finished-at="2024-02-22T19:43:56 IST" duration-ms="74074">
    <groups>
      <group name="Regression">
        <method signature="QALegendTestCases.userCanApplyForLeave()[pri:0, instance:TestCases.QALegendTestCases@6340e5f0]" name="userCanApplyForLeave" class="TestCases.QALegendTestCases"/>
        <method signature="QALegendTestCases.verifyNumberOfTickets()[pri:0, instance:TestCases.QALegendTestCases@6340e5f0]" name="verifyNumberOfTickets" class="TestCases.QALegendTestCases"/>
      </group> <!-- Regression -->
      <group name="Smoke">
        <method signature="QALegendTestCases.canUseraddTickets()[pri:0, instance:TestCases.QALegendTestCases@6340e5f0]" name="canUseraddTickets" class="TestCases.QALegendTestCases"/>
        <method signature="QALegendTestCases.downloadClientReport()[pri:0, instance:TestCases.QALegendTestCases@6340e5f0]" name="downloadClientReport" class="TestCases.QALegendTestCases"/>
        <method signature="QALegendTestCases.isAddedNotesDisplayed()[pri:0, instance:TestCases.QALegendTestCases@6340e5f0]" name="isAddedNotesDisplayed" class="TestCases.QALegendTestCases"/>
        <method signature="QALegendTestCases.isAddedProjectViewable()[pri:0, instance:TestCases.QALegendTestCases@6340e5f0]" name="isAddedProjectViewable" class="TestCases.QALegendTestCases"/>
        <method signature="QALegendTestCases.isEventAdded()[pri:0, instance:TestCases.QALegendTestCases@6340e5f0]" name="isEventAdded" class="TestCases.QALegendTestCases"/>
        <method signature="QALegendTestCases.sendEmail()[pri:0, instance:TestCases.QALegendTestCases@6340e5f0]" name="sendEmail" class="TestCases.QALegendTestCases"/>
      </group> <!-- Smoke -->
      <group name="LoginScenario">
        <method signature="QALegendTestCases.loginCRMDataProvider(java.lang.String,java.lang.String)[pri:0, instance:TestCases.QALegendTestCases@6340e5f0]" name="loginCRMDataProvider" class="TestCases.QALegendTestCases"/>
      </group> <!-- LoginScenario -->
    </groups>
    <test started-at="2024-02-22T19:42:42 IST" name="Test" finished-at="2024-02-22T19:43:56 IST" duration-ms="74074">
      <class name="TestCases.QALegendTestCases">
        <test-method is-config="true" signature="initialization(java.lang.String)[pri:0, instance:TestCases.QALegendTestCases@6340e5f0]" started-at="2024-02-22T19:42:42 IST" name="initialization" finished-at="2024-02-22T19:42:46 IST" duration-ms="3549" status="PASS">
          <params>
            <param index="0">
              <value>
                <![CDATA[Chrome]]>
              </value>
            </param>
          </params>
          <reporter-output>
          </reporter-output>
        </test-method> <!-- initialization -->
        <test-method signature="isEventAdded()[pri:0, instance:TestCases.QALegendTestCases@6340e5f0]" started-at="2024-02-22T19:42:46 IST" name="isEventAdded" finished-at="2024-02-22T19:42:51 IST" duration-ms="5357" status="PASS">
          <reporter-output>
          </reporter-output>
        </test-method> <!-- isEventAdded -->
        <test-method is-config="true" signature="tearDown()[pri:0, instance:TestCases.QALegendTestCases@6340e5f0]" started-at="2024-02-22T19:42:51 IST" name="tearDown" finished-at="2024-02-22T19:42:51 IST" duration-ms="184" status="PASS">
          <reporter-output>
          </reporter-output>
        </test-method> <!-- tearDown -->
        <test-method is-config="true" signature="initialization(java.lang.String)[pri:0, instance:TestCases.QALegendTestCases@6340e5f0]" started-at="2024-02-22T19:42:51 IST" name="initialization" finished-at="2024-02-22T19:42:55 IST" duration-ms="3240" status="PASS">
          <params>
            <param index="0">
              <value>
                <![CDATA[Chrome]]>
              </value>
            </param>
          </params>
          <reporter-output>
          </reporter-output>
        </test-method> <!-- initialization -->
        <test-method signature="mandatoryFieldCheckClientCompany()[pri:0, instance:TestCases.QALegendTestCases@6340e5f0]" started-at="2024-02-22T19:42:55 IST" name="mandatoryFieldCheckClientCompany" finished-at="2024-02-22T19:42:59 IST" duration-ms="4467" status="PASS">
          <reporter-output>
          </reporter-output>
        </test-method> <!-- mandatoryFieldCheckClientCompany -->
        <test-method is-config="true" signature="tearDown()[pri:0, instance:TestCases.QALegendTestCases@6340e5f0]" started-at="2024-02-22T19:42:59 IST" name="tearDown" finished-at="2024-02-22T19:42:59 IST" duration-ms="195" status="PASS">
          <reporter-output>
          </reporter-output>
        </test-method> <!-- tearDown -->
        <test-method is-config="true" signature="initialization(java.lang.String)[pri:0, instance:TestCases.QALegendTestCases@6340e5f0]" started-at="2024-02-22T19:42:59 IST" name="initialization" finished-at="2024-02-22T19:43:03 IST" duration-ms="3262" status="PASS">
          <params>
            <param index="0">
              <value>
                <![CDATA[Chrome]]>
              </value>
            </param>
          </params>
          <reporter-output>
          </reporter-output>
        </test-method> <!-- initialization -->
        <test-method signature="downloadClientReport()[pri:0, instance:TestCases.QALegendTestCases@6340e5f0]" started-at="2024-02-22T19:43:03 IST" name="downloadClientReport" finished-at="2024-02-22T19:43:06 IST" duration-ms="3313" status="PASS">
          <reporter-output>
          </reporter-output>
        </test-method> <!-- downloadClientReport -->
        <test-method is-config="true" signature="tearDown()[pri:0, instance:TestCases.QALegendTestCases@6340e5f0]" started-at="2024-02-22T19:43:06 IST" name="tearDown" finished-at="2024-02-22T19:43:06 IST" duration-ms="149" status="PASS">
          <reporter-output>
          </reporter-output>
        </test-method> <!-- tearDown -->
        <test-method is-config="true" signature="initialization(java.lang.String)[pri:0, instance:TestCases.QALegendTestCases@6340e5f0]" started-at="2024-02-22T19:43:06 IST" name="initialization" finished-at="2024-02-22T19:43:09 IST" duration-ms="2605" status="PASS">
          <params>
            <param index="0">
              <value>
                <![CDATA[Chrome]]>
              </value>
            </param>
          </params>
          <reporter-output>
          </reporter-output>
        </test-method> <!-- initialization -->
        <test-method signature="sendEmail()[pri:0, instance:TestCases.QALegendTestCases@6340e5f0]" started-at="2024-02-22T19:43:09 IST" name="sendEmail" finished-at="2024-02-22T19:43:15 IST" duration-ms="6670" status="PASS">
          <reporter-output>
          </reporter-output>
        </test-method> <!-- sendEmail -->
        <test-method is-config="true" signature="tearDown()[pri:0, instance:TestCases.QALegendTestCases@6340e5f0]" started-at="2024-02-22T19:43:15 IST" name="tearDown" finished-at="2024-02-22T19:43:15 IST" duration-ms="221" status="PASS">
          <reporter-output>
          </reporter-output>
        </test-method> <!-- tearDown -->
        <test-method is-config="true" signature="initialization(java.lang.String)[pri:0, instance:TestCases.QALegendTestCases@6340e5f0]" started-at="2024-02-22T19:43:15 IST" name="initialization" finished-at="2024-02-22T19:43:18 IST" duration-ms="2569" status="PASS">
          <params>
            <param index="0">
              <value>
                <![CDATA[Chrome]]>
              </value>
            </param>
          </params>
          <reporter-output>
          </reporter-output>
        </test-method> <!-- initialization -->
        <test-method signature="verifyNumberOfTickets()[pri:0, instance:TestCases.QALegendTestCases@6340e5f0]" started-at="2024-02-22T19:43:18 IST" name="verifyNumberOfTickets" finished-at="2024-02-22T19:43:20 IST" duration-ms="2402" status="PASS">
          <reporter-output>
          </reporter-output>
        </test-method> <!-- verifyNumberOfTickets -->
        <test-method is-config="true" signature="tearDown()[pri:0, instance:TestCases.QALegendTestCases@6340e5f0]" started-at="2024-02-22T19:43:20 IST" name="tearDown" finished-at="2024-02-22T19:43:21 IST" duration-ms="197" status="PASS">
          <reporter-output>
          </reporter-output>
        </test-method> <!-- tearDown -->
        <test-method is-config="true" signature="initialization(java.lang.String)[pri:0, instance:TestCases.QALegendTestCases@6340e5f0]" started-at="2024-02-22T19:43:21 IST" name="initialization" finished-at="2024-02-22T19:43:24 IST" duration-ms="2945" status="PASS">
          <params>
            <param index="0">
              <value>
                <![CDATA[Chrome]]>
              </value>
            </param>
          </params>
          <reporter-output>
          </reporter-output>
        </test-method> <!-- initialization -->
        <test-method signature="isAddedNotesDisplayed()[pri:0, instance:TestCases.QALegendTestCases@6340e5f0]" started-at="2024-02-22T19:43:24 IST" name="isAddedNotesDisplayed" finished-at="2024-02-22T19:43:27 IST" duration-ms="3497" status="PASS">
          <reporter-output>
          </reporter-output>
        </test-method> <!-- isAddedNotesDisplayed -->
        <test-method is-config="true" signature="tearDown()[pri:0, instance:TestCases.QALegendTestCases@6340e5f0]" started-at="2024-02-22T19:43:27 IST" name="tearDown" finished-at="2024-02-22T19:43:27 IST" duration-ms="214" status="PASS">
          <reporter-output>
          </reporter-output>
        </test-method> <!-- tearDown -->
        <test-method is-config="true" signature="initialization(java.lang.String)[pri:0, instance:TestCases.QALegendTestCases@6340e5f0]" started-at="2024-02-22T19:43:27 IST" name="initialization" finished-at="2024-02-22T19:43:31 IST" duration-ms="3504" status="PASS">
          <params>
            <param index="0">
              <value>
                <![CDATA[Chrome]]>
              </value>
            </param>
          </params>
          <reporter-output>
          </reporter-output>
        </test-method> <!-- initialization -->
        <test-method signature="userCanApplyForLeave()[pri:0, instance:TestCases.QALegendTestCases@6340e5f0]" started-at="2024-02-22T19:43:31 IST" name="userCanApplyForLeave" finished-at="2024-02-22T19:43:34 IST" duration-ms="2842" status="PASS">
          <reporter-output>
          </reporter-output>
        </test-method> <!-- userCanApplyForLeave -->
        <test-method is-config="true" signature="tearDown()[pri:0, instance:TestCases.QALegendTestCases@6340e5f0]" started-at="2024-02-22T19:43:34 IST" name="tearDown" finished-at="2024-02-22T19:43:34 IST" duration-ms="194" status="PASS">
          <reporter-output>
          </reporter-output>
        </test-method> <!-- tearDown -->
        <test-method is-config="true" signature="initialization(java.lang.String)[pri:0, instance:TestCases.QALegendTestCases@6340e5f0]" started-at="2024-02-22T19:43:34 IST" name="initialization" finished-at="2024-02-22T19:43:36 IST" duration-ms="2543" status="PASS">
          <params>
            <param index="0">
              <value>
                <![CDATA[Chrome]]>
              </value>
            </param>
          </params>
          <reporter-output>
          </reporter-output>
        </test-method> <!-- initialization -->
        <test-method signature="isAddedProjectViewable()[pri:0, instance:TestCases.QALegendTestCases@6340e5f0]" started-at="2024-02-22T19:43:36 IST" name="isAddedProjectViewable" finished-at="2024-02-22T19:43:39 IST" duration-ms="3038" status="PASS">
          <reporter-output>
          </reporter-output>
        </test-method> <!-- isAddedProjectViewable -->
        <test-method is-config="true" signature="tearDown()[pri:0, instance:TestCases.QALegendTestCases@6340e5f0]" started-at="2024-02-22T19:43:39 IST" name="tearDown" finished-at="2024-02-22T19:43:40 IST" duration-ms="156" status="PASS">
          <reporter-output>
          </reporter-output>
        </test-method> <!-- tearDown -->
        <test-method is-config="true" signature="initialization(java.lang.String)[pri:0, instance:TestCases.QALegendTestCases@6340e5f0]" started-at="2024-02-22T19:43:40 IST" name="initialization" finished-at="2024-02-22T19:43:42 IST" duration-ms="2519" status="PASS">
          <params>
            <param index="0">
              <value>
                <![CDATA[Chrome]]>
              </value>
            </param>
          </params>
          <reporter-output>
          </reporter-output>
        </test-method> <!-- initialization -->
        <test-method signature="canUseraddTickets()[pri:0, instance:TestCases.QALegendTestCases@6340e5f0]" started-at="2024-02-22T19:43:42 IST" name="canUseraddTickets" finished-at="2024-02-22T19:43:45 IST" duration-ms="3184" status="PASS">
          <reporter-output>
          </reporter-output>
        </test-method> <!-- canUseraddTickets -->
        <test-method is-config="true" signature="tearDown()[pri:0, instance:TestCases.QALegendTestCases@6340e5f0]" started-at="2024-02-22T19:43:45 IST" name="tearDown" finished-at="2024-02-22T19:43:45 IST" duration-ms="149" status="PASS">
          <reporter-output>
          </reporter-output>
        </test-method> <!-- tearDown -->
        <test-method is-config="true" signature="initialization(java.lang.String)[pri:0, instance:TestCases.QALegendTestCases@6340e5f0]" started-at="2024-02-22T19:43:46 IST" name="initialization" finished-at="2024-02-22T19:43:48 IST" duration-ms="2408" status="PASS">
          <params>
            <param index="0">
              <value>
                <![CDATA[Chrome]]>
              </value>
            </param>
          </params>
          <reporter-output>
          </reporter-output>
        </test-method> <!-- initialization -->
        <test-method signature="loginCRMDataProvider(java.lang.String,java.lang.String)[pri:0, instance:TestCases.QALegendTestCases@6340e5f0]" started-at="2024-02-22T19:43:48 IST" name="loginCRMDataProvider" data-provider="login_Details" finished-at="2024-02-22T19:43:49 IST" duration-ms="1084" status="PASS">
          <params>
            <param index="0">
              <value>
                <![CDATA[admin@admin.Com]]>
              </value>
            </param>
            <param index="1">
              <value>
                <![CDATA[12345678]]>
              </value>
            </param>
          </params>
          <reporter-output>
          </reporter-output>
        </test-method> <!-- loginCRMDataProvider -->
        <test-method is-config="true" signature="tearDown()[pri:0, instance:TestCases.QALegendTestCases@6340e5f0]" started-at="2024-02-22T19:43:49 IST" name="tearDown" finished-at="2024-02-22T19:43:49 IST" duration-ms="161" status="PASS">
          <reporter-output>
          </reporter-output>
        </test-method> <!-- tearDown -->
        <test-method is-config="true" signature="initialization(java.lang.String)[pri:0, instance:TestCases.QALegendTestCases@6340e5f0]" started-at="2024-02-22T19:43:49 IST" name="initialization" finished-at="2024-02-22T19:43:52 IST" duration-ms="2811" status="PASS">
          <params>
            <param index="0">
              <value>
                <![CDATA[Chrome]]>
              </value>
            </param>
          </params>
          <reporter-output>
          </reporter-output>
        </test-method> <!-- initialization -->
        <test-method signature="loginCRMDataProvider(java.lang.String,java.lang.String)[pri:0, instance:TestCases.QALegendTestCases@6340e5f0]" started-at="2024-02-22T19:43:52 IST" name="loginCRMDataProvider" data-provider="login_Details" finished-at="2024-02-22T19:43:53 IST" duration-ms="666" status="PASS">
          <params>
            <param index="0">
              <value>
                <![CDATA[admin@admin.Com]]>
              </value>
            </param>
            <param index="1">
              <value>
                <![CDATA[12345600]]>
              </value>
            </param>
          </params>
          <reporter-output>
          </reporter-output>
        </test-method> <!-- loginCRMDataProvider -->
        <test-method is-config="true" signature="tearDown()[pri:0, instance:TestCases.QALegendTestCases@6340e5f0]" started-at="2024-02-22T19:43:53 IST" name="tearDown" finished-at="2024-02-22T19:43:53 IST" duration-ms="146" status="PASS">
          <reporter-output>
          </reporter-output>
        </test-method> <!-- tearDown -->
        <test-method is-config="true" signature="initialization(java.lang.String)[pri:0, instance:TestCases.QALegendTestCases@6340e5f0]" started-at="2024-02-22T19:43:53 IST" name="initialization" finished-at="2024-02-22T19:43:56 IST" duration-ms="2656" status="PASS">
          <params>
            <param index="0">
              <value>
                <![CDATA[Chrome]]>
              </value>
            </param>
          </params>
          <reporter-output>
          </reporter-output>
        </test-method> <!-- initialization -->
        <test-method signature="loginCRMDataProvider(java.lang.String,java.lang.String)[pri:0, instance:TestCases.QALegendTestCases@6340e5f0]" started-at="2024-02-22T19:43:56 IST" name="loginCRMDataProvider" data-provider="login_Details" finished-at="2024-02-22T19:43:56 IST" duration-ms="562" status="PASS">
          <params>
            <param index="0">
              <value>
                <![CDATA[admin@adminInvalid.Com]]>
              </value>
            </param>
            <param index="1">
              <value>
                <![CDATA[12345678]]>
              </value>
            </param>
          </params>
          <reporter-output>
          </reporter-output>
        </test-method> <!-- loginCRMDataProvider -->
        <test-method is-config="true" signature="tearDown()[pri:0, instance:TestCases.QALegendTestCases@6340e5f0]" started-at="2024-02-22T19:43:56 IST" name="tearDown" finished-at="2024-02-22T19:43:56 IST" duration-ms="167" status="PASS">
          <reporter-output>
          </reporter-output>
        </test-method> <!-- tearDown -->
      </class> <!-- TestCases.QALegendTestCases -->
    </test> <!-- Test -->
  </suite> <!-- Suite -->
</testng-results>
