<?xml version="1.0" encoding="UTF-8"?>
<testng-results ignored="0" total="12" passed="12" failed="0" skipped="0">
  <reporter-output>
  </reporter-output>
  <suite started-at="2024-02-13T18:49:47 IST" name="Suite" finished-at="2024-02-13T18:51:24 IST" duration-ms="97264">
    <groups>
      <group name="Regression Test">
        <method signature="QALegendTestCases.addClient()[pri:3, instance:TestCases.QALegendTestCases@6340e5f0]" name="addClient" class="TestCases.QALegendTestCases"/>
        <method signature="QALegendTestCases.verifyNumberOfTickets()[pri:6, instance:TestCases.QALegendTestCases@6340e5f0]" name="verifyNumberOfTickets" class="TestCases.QALegendTestCases"/>
        <method signature="QALegendTestCases.leaveApplications()[pri:8, instance:TestCases.QALegendTestCases@6340e5f0]" name="leaveApplications" class="TestCases.QALegendTestCases"/>
      </group> <!-- Regression Test -->
      <group name="Smoke Test">
        <method signature="QALegendTestCases.addEvent()[pri:2, instance:TestCases.QALegendTestCases@6340e5f0]" name="addEvent" class="TestCases.QALegendTestCases"/>
        <method signature="QALegendTestCases.downloadClientReport()[pri:4, instance:TestCases.QALegendTestCases@6340e5f0]" name="downloadClientReport" class="TestCases.QALegendTestCases"/>
        <method signature="QALegendTestCases.sendEMail()[pri:5, instance:TestCases.QALegendTestCases@6340e5f0]" name="sendEMail" class="TestCases.QALegendTestCases"/>
        <method signature="QALegendTestCases.addNotes()[pri:7, instance:TestCases.QALegendTestCases@6340e5f0]" name="addNotes" class="TestCases.QALegendTestCases"/>
        <method signature="QALegendTestCases.statusOfProjects()[pri:9, instance:TestCases.QALegendTestCases@6340e5f0]" name="statusOfProjects" class="TestCases.QALegendTestCases"/>
        <method signature="QALegendTestCases.addTickets()[pri:10, instance:TestCases.QALegendTestCases@6340e5f0]" name="addTickets" class="TestCases.QALegendTestCases"/>
      </group> <!-- Smoke Test -->
    </groups>
    <test started-at="2024-02-13T18:49:47 IST" name="Test" finished-at="2024-02-13T18:51:24 IST" duration-ms="97264">
      <class name="TestCases.QALegendTestCases">
        <test-method is-config="true" signature="initialization(java.lang.String)[pri:0, instance:TestCases.QALegendTestCases@6340e5f0]" started-at="2024-02-13T18:49:47 IST" name="initialization" finished-at="2024-02-13T18:49:52 IST" duration-ms="4701" status="PASS">
          <params>
            <param index="0">
              <value>
                <![CDATA[Chrome]]>
              </value>
            </param>
          </params>
          <reporter-output>
          </reporter-output>
        </test-method> <!-- initialization -->
        <test-method signature="loginCRMDataProvider(java.lang.String,java.lang.String)[pri:1, instance:TestCases.QALegendTestCases@6340e5f0]" started-at="2024-02-13T18:49:52 IST" name="loginCRMDataProvider" data-provider="login_Details" finished-at="2024-02-13T18:49:54 IST" duration-ms="1443" status="PASS">
          <params>
            <param index="0">
              <value>
                <![CDATA[admin@admin.Com]]>
              </value>
            </param>
            <param index="1">
              <value>
                <![CDATA[12345678]]>
              </value>
            </param>
          </params>
          <reporter-output>
          </reporter-output>
        </test-method> <!-- loginCRMDataProvider -->
        <test-method is-config="true" signature="tearDown()[pri:0, instance:TestCases.QALegendTestCases@6340e5f0]" started-at="2024-02-13T18:49:54 IST" name="tearDown" finished-at="2024-02-13T18:49:54 IST" duration-ms="152" status="PASS">
          <reporter-output>
          </reporter-output>
        </test-method> <!-- tearDown -->
        <test-method is-config="true" signature="initialization(java.lang.String)[pri:0, instance:TestCases.QALegendTestCases@6340e5f0]" started-at="2024-02-13T18:49:54 IST" name="initialization" finished-at="2024-02-13T18:49:58 IST" duration-ms="4114" status="PASS">
          <params>
            <param index="0">
              <value>
                <![CDATA[Chrome]]>
              </value>
            </param>
          </params>
          <reporter-output>
          </reporter-output>
        </test-method> <!-- initialization -->
        <test-method signature="loginCRMDataProvider(java.lang.String,java.lang.String)[pri:1, instance:TestCases.QALegendTestCases@6340e5f0]" started-at="2024-02-13T18:49:58 IST" name="loginCRMDataProvider" data-provider="login_Details" finished-at="2024-02-13T18:49:59 IST" duration-ms="1466" status="PASS">
          <params>
            <param index="0">
              <value>
                <![CDATA[admin@admin.Com]]>
              </value>
            </param>
            <param index="1">
              <value>
                <![CDATA[12345600]]>
              </value>
            </param>
          </params>
          <reporter-output>
          </reporter-output>
        </test-method> <!-- loginCRMDataProvider -->
        <test-method is-config="true" signature="tearDown()[pri:0, instance:TestCases.QALegendTestCases@6340e5f0]" started-at="2024-02-13T18:49:59 IST" name="tearDown" finished-at="2024-02-13T18:49:59 IST" duration-ms="162" status="PASS">
          <reporter-output>
          </reporter-output>
        </test-method> <!-- tearDown -->
        <test-method is-config="true" signature="initialization(java.lang.String)[pri:0, instance:TestCases.QALegendTestCases@6340e5f0]" started-at="2024-02-13T18:49:59 IST" name="initialization" finished-at="2024-02-13T18:50:04 IST" duration-ms="4411" status="PASS">
          <params>
            <param index="0">
              <value>
                <![CDATA[Chrome]]>
              </value>
            </param>
          </params>
          <reporter-output>
          </reporter-output>
        </test-method> <!-- initialization -->
        <test-method signature="loginCRMDataProvider(java.lang.String,java.lang.String)[pri:1, instance:TestCases.QALegendTestCases@6340e5f0]" started-at="2024-02-13T18:50:04 IST" name="loginCRMDataProvider" data-provider="login_Details" finished-at="2024-02-13T18:50:05 IST" duration-ms="1555" status="PASS">
          <params>
            <param index="0">
              <value>
                <![CDATA[admin@adminInvalid.Com]]>
              </value>
            </param>
            <param index="1">
              <value>
                <![CDATA[12345678]]>
              </value>
            </param>
          </params>
          <reporter-output>
          </reporter-output>
        </test-method> <!-- loginCRMDataProvider -->
        <test-method is-config="true" signature="tearDown()[pri:0, instance:TestCases.QALegendTestCases@6340e5f0]" started-at="2024-02-13T18:50:05 IST" name="tearDown" finished-at="2024-02-13T18:50:06 IST" duration-ms="166" status="PASS">
          <reporter-output>
          </reporter-output>
        </test-method> <!-- tearDown -->
        <test-method is-config="true" signature="initialization(java.lang.String)[pri:0, instance:TestCases.QALegendTestCases@6340e5f0]" started-at="2024-02-13T18:50:06 IST" name="initialization" finished-at="2024-02-13T18:50:10 IST" duration-ms="4153" status="PASS">
          <params>
            <param index="0">
              <value>
                <![CDATA[Chrome]]>
              </value>
            </param>
          </params>
          <reporter-output>
          </reporter-output>
        </test-method> <!-- initialization -->
        <test-method signature="addEvent()[pri:2, instance:TestCases.QALegendTestCases@6340e5f0]" started-at="2024-02-13T18:50:10 IST" name="addEvent" finished-at="2024-02-13T18:50:15 IST" duration-ms="5610" status="PASS">
          <reporter-output>
          </reporter-output>
        </test-method> <!-- addEvent -->
        <test-method is-config="true" signature="tearDown()[pri:0, instance:TestCases.QALegendTestCases@6340e5f0]" started-at="2024-02-13T18:50:15 IST" name="tearDown" finished-at="2024-02-13T18:50:16 IST" duration-ms="180" status="PASS">
          <reporter-output>
          </reporter-output>
        </test-method> <!-- tearDown -->
        <test-method is-config="true" signature="initialization(java.lang.String)[pri:0, instance:TestCases.QALegendTestCases@6340e5f0]" started-at="2024-02-13T18:50:16 IST" name="initialization" finished-at="2024-02-13T18:50:20 IST" duration-ms="4398" status="PASS">
          <params>
            <param index="0">
              <value>
                <![CDATA[Chrome]]>
              </value>
            </param>
          </params>
          <reporter-output>
          </reporter-output>
        </test-method> <!-- initialization -->
        <test-method signature="addClient()[pri:3, instance:TestCases.QALegendTestCases@6340e5f0]" started-at="2024-02-13T18:50:20 IST" name="addClient" finished-at="2024-02-13T18:50:24 IST" duration-ms="4009" status="PASS">
          <reporter-output>
          </reporter-output>
        </test-method> <!-- addClient -->
        <test-method is-config="true" signature="tearDown()[pri:0, instance:TestCases.QALegendTestCases@6340e5f0]" started-at="2024-02-13T18:50:24 IST" name="tearDown" finished-at="2024-02-13T18:50:24 IST" duration-ms="167" status="PASS">
          <reporter-output>
          </reporter-output>
        </test-method> <!-- tearDown -->
        <test-method is-config="true" signature="initialization(java.lang.String)[pri:0, instance:TestCases.QALegendTestCases@6340e5f0]" started-at="2024-02-13T18:50:24 IST" name="initialization" finished-at="2024-02-13T18:50:29 IST" duration-ms="5119" status="PASS">
          <params>
            <param index="0">
              <value>
                <![CDATA[Chrome]]>
              </value>
            </param>
          </params>
          <reporter-output>
          </reporter-output>
        </test-method> <!-- initialization -->
        <test-method signature="downloadClientReport()[pri:4, instance:TestCases.QALegendTestCases@6340e5f0]" started-at="2024-02-13T18:50:29 IST" name="downloadClientReport" finished-at="2024-02-13T18:50:32 IST" duration-ms="2897" status="PASS">
          <reporter-output>
          </reporter-output>
        </test-method> <!-- downloadClientReport -->
        <test-method is-config="true" signature="tearDown()[pri:0, instance:TestCases.QALegendTestCases@6340e5f0]" started-at="2024-02-13T18:50:32 IST" name="tearDown" finished-at="2024-02-13T18:50:32 IST" duration-ms="101" status="PASS">
          <reporter-output>
          </reporter-output>
        </test-method> <!-- tearDown -->
        <test-method is-config="true" signature="initialization(java.lang.String)[pri:0, instance:TestCases.QALegendTestCases@6340e5f0]" started-at="2024-02-13T18:50:32 IST" name="initialization" finished-at="2024-02-13T18:50:37 IST" duration-ms="4396" status="PASS">
          <params>
            <param index="0">
              <value>
                <![CDATA[Chrome]]>
              </value>
            </param>
          </params>
          <reporter-output>
          </reporter-output>
        </test-method> <!-- initialization -->
        <test-method signature="sendEMail()[pri:5, instance:TestCases.QALegendTestCases@6340e5f0]" started-at="2024-02-13T18:50:37 IST" name="sendEMail" finished-at="2024-02-13T18:50:44 IST" duration-ms="7238" status="PASS">
          <reporter-output>
          </reporter-output>
        </test-method> <!-- sendEMail -->
        <test-method is-config="true" signature="tearDown()[pri:0, instance:TestCases.QALegendTestCases@6340e5f0]" started-at="2024-02-13T18:50:44 IST" name="tearDown" finished-at="2024-02-13T18:50:44 IST" duration-ms="182" status="PASS">
          <reporter-output>
          </reporter-output>
        </test-method> <!-- tearDown -->
        <test-method is-config="true" signature="initialization(java.lang.String)[pri:0, instance:TestCases.QALegendTestCases@6340e5f0]" started-at="2024-02-13T18:50:44 IST" name="initialization" finished-at="2024-02-13T18:50:48 IST" duration-ms="4189" status="PASS">
          <params>
            <param index="0">
              <value>
                <![CDATA[Chrome]]>
              </value>
            </param>
          </params>
          <reporter-output>
          </reporter-output>
        </test-method> <!-- initialization -->
        <test-method signature="verifyNumberOfTickets()[pri:6, instance:TestCases.QALegendTestCases@6340e5f0]" started-at="2024-02-13T18:50:48 IST" name="verifyNumberOfTickets" finished-at="2024-02-13T18:50:51 IST" duration-ms="2457" status="PASS">
          <reporter-output>
          </reporter-output>
        </test-method> <!-- verifyNumberOfTickets -->
        <test-method is-config="true" signature="tearDown()[pri:0, instance:TestCases.QALegendTestCases@6340e5f0]" started-at="2024-02-13T18:50:51 IST" name="tearDown" finished-at="2024-02-13T18:50:51 IST" duration-ms="128" status="PASS">
          <reporter-output>
          </reporter-output>
        </test-method> <!-- tearDown -->
        <test-method is-config="true" signature="initialization(java.lang.String)[pri:0, instance:TestCases.QALegendTestCases@6340e5f0]" started-at="2024-02-13T18:50:51 IST" name="initialization" finished-at="2024-02-13T18:50:55 IST" duration-ms="3840" status="PASS">
          <params>
            <param index="0">
              <value>
                <![CDATA[Chrome]]>
              </value>
            </param>
          </params>
          <reporter-output>
          </reporter-output>
        </test-method> <!-- initialization -->
        <test-method signature="addNotes()[pri:7, instance:TestCases.QALegendTestCases@6340e5f0]" started-at="2024-02-13T18:50:55 IST" name="addNotes" finished-at="2024-02-13T18:50:58 IST" duration-ms="3072" status="PASS">
          <reporter-output>
          </reporter-output>
        </test-method> <!-- addNotes -->
        <test-method is-config="true" signature="tearDown()[pri:0, instance:TestCases.QALegendTestCases@6340e5f0]" started-at="2024-02-13T18:50:58 IST" name="tearDown" finished-at="2024-02-13T18:50:58 IST" duration-ms="176" status="PASS">
          <reporter-output>
          </reporter-output>
        </test-method> <!-- tearDown -->
        <test-method is-config="true" signature="initialization(java.lang.String)[pri:0, instance:TestCases.QALegendTestCases@6340e5f0]" started-at="2024-02-13T18:50:58 IST" name="initialization" finished-at="2024-02-13T18:51:02 IST" duration-ms="4450" status="PASS">
          <params>
            <param index="0">
              <value>
                <![CDATA[Chrome]]>
              </value>
            </param>
          </params>
          <reporter-output>
          </reporter-output>
        </test-method> <!-- initialization -->
        <test-method signature="leaveApplications()[pri:8, instance:TestCases.QALegendTestCases@6340e5f0]" started-at="2024-02-13T18:51:02 IST" name="leaveApplications" finished-at="2024-02-13T18:51:06 IST" duration-ms="3532" status="PASS">
          <reporter-output>
          </reporter-output>
        </test-method> <!-- leaveApplications -->
        <test-method is-config="true" signature="tearDown()[pri:0, instance:TestCases.QALegendTestCases@6340e5f0]" started-at="2024-02-13T18:51:06 IST" name="tearDown" finished-at="2024-02-13T18:51:06 IST" duration-ms="147" status="PASS">
          <reporter-output>
          </reporter-output>
        </test-method> <!-- tearDown -->
        <test-method is-config="true" signature="initialization(java.lang.String)[pri:0, instance:TestCases.QALegendTestCases@6340e5f0]" started-at="2024-02-13T18:51:06 IST" name="initialization" finished-at="2024-02-13T18:51:11 IST" duration-ms="5307" status="PASS">
          <params>
            <param index="0">
              <value>
                <![CDATA[Chrome]]>
              </value>
            </param>
          </params>
          <reporter-output>
          </reporter-output>
        </test-method> <!-- initialization -->
        <test-method signature="statusOfProjects()[pri:9, instance:TestCases.QALegendTestCases@6340e5f0]" started-at="2024-02-13T18:51:11 IST" name="statusOfProjects" finished-at="2024-02-13T18:51:15 IST" duration-ms="3304" status="PASS">
          <reporter-output>
          </reporter-output>
        </test-method> <!-- statusOfProjects -->
        <test-method is-config="true" signature="tearDown()[pri:0, instance:TestCases.QALegendTestCases@6340e5f0]" started-at="2024-02-13T18:51:15 IST" name="tearDown" finished-at="2024-02-13T18:51:15 IST" duration-ms="188" status="PASS">
          <reporter-output>
          </reporter-output>
        </test-method> <!-- tearDown -->
        <test-method is-config="true" signature="initialization(java.lang.String)[pri:0, instance:TestCases.QALegendTestCases@6340e5f0]" started-at="2024-02-13T18:51:15 IST" name="initialization" finished-at="2024-02-13T18:51:19 IST" duration-ms="4454" status="PASS">
          <params>
            <param index="0">
              <value>
                <![CDATA[Chrome]]>
              </value>
            </param>
          </params>
          <reporter-output>
          </reporter-output>
        </test-method> <!-- initialization -->
        <test-method signature="addTickets()[pri:10, instance:TestCases.QALegendTestCases@6340e5f0]" started-at="2024-02-13T18:51:19 IST" name="addTickets" finished-at="2024-02-13T18:51:24 IST" duration-ms="4420" status="PASS">
          <reporter-output>
          </reporter-output>
        </test-method> <!-- addTickets -->
        <test-method is-config="true" signature="tearDown()[pri:0, instance:TestCases.QALegendTestCases@6340e5f0]" started-at="2024-02-13T18:51:24 IST" name="tearDown" finished-at="2024-02-13T18:51:24 IST" duration-ms="171" status="PASS">
          <reporter-output>
          </reporter-output>
        </test-method> <!-- tearDown -->
      </class> <!-- TestCases.QALegendTestCases -->
    </test> <!-- Test -->
  </suite> <!-- Suite -->
</testng-results>
